<?xml version="1.0" encoding="UTF-8"?>
<testsuite name="org.springframework.jndi.JndiLocatorDelegateTests" tests="1" skipped="0" failures="0" errors="0" timestamp="2020-03-31T12:24:23" hostname="DESKTOP-LR4J8H3" time="0.028">
  <properties/>
  <testcase name="isDefaultJndiEnvironmentAvailableFalse()" classname="org.springframework.jndi.JndiLocatorDelegateTests" time="0.028"/>
  <system-out><![CDATA[]]></system-out>
  <system-err><![CDATA[]]></system-err>
</testsuite>
