<?xml version="1.0" encoding="UTF-8"?>
<testsuite name="org.springframework.context.support.PropertyResourceConfigurerIntegrationTests" tests="7" skipped="0" failures="0" errors="0" timestamp="2020-03-31T12:24:03" hostname="DESKTOP-LR4J8H3" time="0.056">
  <properties/>
  <testcase name="testPropertyPlaceholderConfigurerWithSystemPropertyInLocation()" classname="org.springframework.context.support.PropertyResourceConfigurerIntegrationTests" time="0.02"/>
  <testcase name="testPropertyPlaceholderConfigurerWithMultiLevelCircularReference()" classname="org.springframework.context.support.PropertyResourceConfigurerIntegrationTests" time="0.005"/>
  <testcase name="testPropertyPlaceholderConfigurerWithSystemPropertiesInLocation()" classname="org.springframework.context.support.PropertyResourceConfigurerIntegrationTests" time="0.021"/>
  <testcase name="testPropertyPlaceholderConfigurerWithNestedCircularReference()" classname="org.springframework.context.support.PropertyResourceConfigurerIntegrationTests" time="0.002"/>
  <testcase name="testPropertyPlaceholderConfigurerWithNestedUnresolvableReference()" classname="org.springframework.context.support.PropertyResourceConfigurerIntegrationTests" time="0.002"/>
  <testcase name="testPropertyPlaceholderConfigurerWithUnresolvableSystemPropertiesInLocation()" classname="org.springframework.context.support.PropertyResourceConfigurerIntegrationTests" time="0.004"/>
  <testcase name="testPropertyPlaceholderConfigurerWithValueFromSystemProperty()" classname="org.springframework.context.support.PropertyResourceConfigurerIntegrationTests" time="0.002"/>
  <system-out><![CDATA[20:24:03.171 [Test worker] WARN  o.s.c.s.StaticApplicationContext - Exception encountered during context initialization - cancelling refresh attempt: org.springframework.beans.factory.BeanInitializationException: Could not load properties; nested exception is java.io.FileNotFoundException: class path resource [E:/002_project/IntelliJ_IDEA/source-code/spring/spring-framework-5.2.2.RELEASE/spring-context/test] cannot be opened because it does not exist
20:24:03.176 [Test worker] WARN  o.s.c.s.StaticApplicationContext - Exception encountered during context initialization - cancelling refresh attempt: org.springframework.beans.factory.BeanDefinitionStoreException: Invalid bean definition with name 'tb1' defined in null: Circular placeholder reference 'var' in property definitions; nested exception is java.lang.IllegalArgumentException: Circular placeholder reference 'var' in property definitions
20:24:03.197 [Test worker] WARN  o.s.c.s.StaticApplicationContext - Exception encountered during context initialization - cancelling refresh attempt: org.springframework.beans.factory.BeanInitializationException: Could not load properties; nested exception is java.io.FileNotFoundException: class path resource [E:/002_project/IntelliJ_IDEA/source-code/spring/spring-framework-5.2.2.RELEASE/spring-context/test/E:/002_project/IntelliJ_IDEA/source-code/spring/spring-framework-5.2.2.RELEASE/spring-context] cannot be opened because it does not exist
20:24:03.199 [Test worker] WARN  o.s.c.s.StaticApplicationContext - Exception encountered during context initialization - cancelling refresh attempt: org.springframework.beans.factory.BeanDefinitionStoreException: Invalid bean definition with name 'tb1' defined in null: Circular placeholder reference 'm' in property definitions; nested exception is java.lang.IllegalArgumentException: Circular placeholder reference 'm' in property definitions
20:24:03.201 [Test worker] WARN  o.s.c.s.StaticApplicationContext - Exception encountered during context initialization - cancelling refresh attempt: org.springframework.beans.factory.BeanDefinitionStoreException: Invalid bean definition with name 'tb1' defined in null: Could not resolve placeholder 'm2' in value "${m2}"; nested exception is java.lang.IllegalArgumentException: Could not resolve placeholder 'm2' in value "${m2}"
20:24:03.204 [Test worker] WARN  o.s.c.s.StaticApplicationContext - Exception encountered during context initialization - cancelling refresh attempt: org.springframework.beans.factory.BeanInitializationException: Could not load properties; nested exception is java.io.FileNotFoundException: class path resource [${myprop}/test/${myprop}] cannot be opened because it does not exist
]]></system-out>
  <system-err><![CDATA[]]></system-err>
</testsuite>
