<?xml version="1.0" encoding="UTF-8"?>
<testsuite name="org.springframework.aop.config.AopNamespaceHandlerProxyTargetClassTests" tests="6" skipped="0" failures="0" errors="0" timestamp="2020-03-31T12:23:27" hostname="DESKTOP-LR4J8H3" time="0.221">
  <properties/>
  <testcase name="testAspectAppliedForInitializeBeanWithEmptyName()" classname="org.springframework.aop.config.AopNamespaceHandlerProxyTargetClassTests" time="0.07"/>
  <testcase name="testAdviceInvokedCorrectly()" classname="org.springframework.aop.config.AopNamespaceHandlerProxyTargetClassTests" time="0.029"/>
  <testcase name="testAspectAppliedForInitializeBeanWithNullName()" classname="org.springframework.aop.config.AopNamespaceHandlerProxyTargetClassTests" time="0.032"/>
  <testcase name="testIsProxy()" classname="org.springframework.aop.config.AopNamespaceHandlerProxyTargetClassTests" time="0.027"/>
  <testcase name="testAspectApplied()" classname="org.springframework.aop.config.AopNamespaceHandlerProxyTargetClassTests" time="0.037"/>
  <testcase name="testIsClassProxy()" classname="org.springframework.aop.config.AopNamespaceHandlerProxyTargetClassTests" time="0.023"/>
  <system-out><![CDATA[]]></system-out>
  <system-err><![CDATA[]]></system-err>
</testsuite>
