<?xml version="1.0" encoding="UTF-8"?>
<testsuite name="org.springframework.context.annotation.Spr16217Tests" tests="3" skipped="1" failures="0" errors="0" timestamp="2020-03-31T12:23:54" hostname="DESKTOP-LR4J8H3" time="0.007">
  <properties/>
  <testcase name="baseConfigurationIsIncludedWhenFirstSuperclassReferenceIsSkippedInRegisterBeanPhase()" classname="org.springframework.context.annotation.Spr16217Tests" time="0.0">
    <skipped/>
  </testcase>
  <testcase name="baseConfigurationIsIncludedWhenFirstSuperclassReferenceIsSkippedInParseConfigurationPhase()" classname="org.springframework.context.annotation.Spr16217Tests" time="0.002"/>
  <testcase name="baseConfigurationIsIncludedOnceWhenBothConfigurationClassesAreActive()" classname="org.springframework.context.annotation.Spr16217Tests" time="0.003"/>
  <system-out><![CDATA[]]></system-out>
  <system-err><![CDATA[]]></system-err>
</testsuite>
