<?xml version="1.0" encoding="UTF-8"?>
<testsuite name="org.springframework.scheduling.annotation.AnnotationAsyncExecutionInterceptorTests" tests="1" skipped="0" failures="0" errors="0" timestamp="2020-03-31T12:24:23" hostname="DESKTOP-LR4J8H3" time="0.004">
  <properties/>
  <testcase name="testGetExecutorQualifier()" classname="org.springframework.scheduling.annotation.AnnotationAsyncExecutionInterceptorTests" time="0.004"/>
  <system-out><![CDATA[]]></system-out>
  <system-err><![CDATA[]]></system-err>
</testsuite>
