<?xml version="1.0" encoding="UTF-8"?>
<testsuite name="org.springframework.jndi.SimpleNamingContextTests" tests="2" skipped="0" failures="0" errors="0" timestamp="2020-03-31T12:24:23" hostname="DESKTOP-LR4J8H3" time="0.009">
  <properties/>
  <testcase name="testNamingContextBuilder()" classname="org.springframework.jndi.SimpleNamingContextTests" time="0.007"/>
  <testcase name="testCreateInitialContext()" classname="org.springframework.jndi.SimpleNamingContextTests" time="0.002"/>
  <system-out><![CDATA[]]></system-out>
  <system-err><![CDATA[]]></system-err>
</testsuite>
