<?xml version="1.0" encoding="UTF-8"?>
<testsuite name="org.springframework.beans.factory.xml.LookupMethodWrappedByCglibProxyTests" tests="2" skipped="0" failures="0" errors="0" timestamp="2020-03-31T12:23:31" hostname="DESKTOP-LR4J8H3" time="0.028">
  <properties/>
  <testcase name="testRegularlyProxiedLookup()" classname="org.springframework.beans.factory.xml.LookupMethodWrappedByCglibProxyTests" time="0.019"/>
  <testcase name="testAutoProxiedLookup()" classname="org.springframework.beans.factory.xml.LookupMethodWrappedByCglibProxyTests" time="0.008"/>
  <system-out><![CDATA[]]></system-out>
  <system-err><![CDATA[]]></system-err>
</testsuite>
