<?xml version="1.0" encoding="UTF-8"?>
<testsuite name="org.springframework.context.support.EnvironmentSecurityManagerIntegrationTests" tests="2" skipped="0" failures="0" errors="0" timestamp="2020-03-31T12:24:02" hostname="DESKTOP-LR4J8H3" time="0.034">
  <properties/>
  <testcase name="securityManagerDisallowsAccessToSystemEnvironmentAndDisallowsAccessToIndividualKey()" classname="org.springframework.context.support.EnvironmentSecurityManagerIntegrationTests" time="0.031"/>
  <testcase name="securityManagerDisallowsAccessToSystemEnvironmentButAllowsAccessToIndividualKeys()" classname="org.springframework.context.support.EnvironmentSecurityManagerIntegrationTests" time="0.002"/>
  <system-out><![CDATA[]]></system-out>
  <system-err><![CDATA[]]></system-err>
</testsuite>
