<?xml version="1.0" encoding="UTF-8"?>
<testsuite name="org.springframework.jmx.export.annotation.EnableMBeanExportConfigurationTests" tests="8" skipped="0" failures="0" errors="0" timestamp="2020-03-31T12:24:21" hostname="DESKTOP-LR4J8H3" time="0.161">
  <properties/>
  <testcase name="testOnlyTargetClassIsExposed()" classname="org.springframework.jmx.export.annotation.EnableMBeanExportConfigurationTests" time="0.033"/>
  <testcase name="testComponentScan()" classname="org.springframework.jmx.export.annotation.EnableMBeanExportConfigurationTests" time="0.027"/>
  <testcase name="testPackagePrivateClassExtensionCanBeExposed()" classname="org.springframework.jmx.export.annotation.EnableMBeanExportConfigurationTests" time="0.026"/>
  <testcase name="testPackagePrivateExtensionCantBeExposed()" classname="org.springframework.jmx.export.annotation.EnableMBeanExportConfigurationTests" time="0.013"/>
  <testcase name="testLazyNaming()" classname="org.springframework.jmx.export.annotation.EnableMBeanExportConfigurationTests" time="0.015"/>
  <testcase name="testLazyAssembling()" classname="org.springframework.jmx.export.annotation.EnableMBeanExportConfigurationTests" time="0.018"/>
  <testcase name="testPlaceholderBased()" classname="org.springframework.jmx.export.annotation.EnableMBeanExportConfigurationTests" time="0.013"/>
  <testcase name="testPackagePrivateImplementationCantBeExposed()" classname="org.springframework.jmx.export.annotation.EnableMBeanExportConfigurationTests" time="0.01"/>
  <system-out><![CDATA[]]></system-out>
  <system-err><![CDATA[]]></system-err>
</testsuite>
