<?xml version="1.0" encoding="UTF-8"?>
<testsuite name="org.springframework.jmx.export.assembler.InterfaceBasedMBeanInfoAssemblerMappedTests" tests="18" skipped="0" failures="0" errors="0" timestamp="2020-03-31T12:24:21" hostname="DESKTOP-LR4J8H3" time="0.143">
  <properties/>
  <testcase name="testDescriptionNotNull()" classname="org.springframework.jmx.export.assembler.InterfaceBasedMBeanInfoAssemblerMappedTests" time="0.009"/>
  <testcase name="testGetMBeanAttributeInfo()" classname="org.springframework.jmx.export.assembler.InterfaceBasedMBeanInfoAssemblerMappedTests" time="0.009"/>
  <testcase name="testSetAttribute()" classname="org.springframework.jmx.export.assembler.InterfaceBasedMBeanInfoAssemblerMappedTests" time="0.008"/>
  <testcase name="testAttributeInfoHasDescriptors()" classname="org.springframework.jmx.export.assembler.InterfaceBasedMBeanInfoAssemblerMappedTests" time="0.007"/>
  <testcase name="testGetMBeanInfo()" classname="org.springframework.jmx.export.assembler.InterfaceBasedMBeanInfoAssemblerMappedTests" time="0.008"/>
  <testcase name="testGetMBeanOperationInfo()" classname="org.springframework.jmx.export.assembler.InterfaceBasedMBeanInfoAssemblerMappedTests" time="0.005"/>
  <testcase name="testRegisterOperations()" classname="org.springframework.jmx.export.assembler.InterfaceBasedMBeanInfoAssemblerMappedTests" time="0.012"/>
  <testcase name="testRegisterAttributes()" classname="org.springframework.jmx.export.assembler.InterfaceBasedMBeanInfoAssemblerMappedTests" time="0.007"/>
  <testcase name="testNotificationMetadata()" classname="org.springframework.jmx.export.assembler.InterfaceBasedMBeanInfoAssemblerMappedTests" time="0.009"/>
  <testcase name="testAttributeHasCorrespondingOperations()" classname="org.springframework.jmx.export.assembler.InterfaceBasedMBeanInfoAssemblerMappedTests" time="0.01"/>
  <testcase name="testMBeanRegistration()" classname="org.springframework.jmx.export.assembler.InterfaceBasedMBeanInfoAssemblerMappedTests" time="0.007"/>
  <testcase name="testGetAttribute()" classname="org.springframework.jmx.export.assembler.InterfaceBasedMBeanInfoAssemblerMappedTests" time="0.006"/>
  <testcase name="testOperationInvocation()" classname="org.springframework.jmx.export.assembler.InterfaceBasedMBeanInfoAssemblerMappedTests" time="0.008"/>
  <testcase name="testGetAgeIsReadOnly()" classname="org.springframework.jmx.export.assembler.InterfaceBasedMBeanInfoAssemblerMappedTests" time="0.007"/>
  <testcase name="testWithNonInterface()" classname="org.springframework.jmx.export.assembler.InterfaceBasedMBeanInfoAssemblerMappedTests" time="0.006"/>
  <testcase name="testNickNameIsExposed()" classname="org.springframework.jmx.export.assembler.InterfaceBasedMBeanInfoAssemblerMappedTests" time="0.005"/>
  <testcase name="testWithFallThrough()" classname="org.springframework.jmx.export.assembler.InterfaceBasedMBeanInfoAssemblerMappedTests" time="0.007"/>
  <testcase name="testWithUnknownClass()" classname="org.springframework.jmx.export.assembler.InterfaceBasedMBeanInfoAssemblerMappedTests" time="0.009"/>
  <system-out><![CDATA[]]></system-out>
  <system-err><![CDATA[M?r 31, 2020 8:24:22 PM ClientCommunicatorAdmin restart
WARNUNG: Failed to restart: java.net.ConnectException: Connection refused: connect
]]></system-err>
</testsuite>
