<?xml version="1.0" encoding="UTF-8"?>
<testsuite name="org.springframework.ejb.access.LocalSlsbInvokerInterceptorTests" tests="5" skipped="0" failures="0" errors="0" timestamp="2020-03-31T12:24:06" hostname="DESKTOP-LR4J8H3" time="0.081">
  <properties/>
  <testcase name="testInvokesMethodOnEjbInstance()" classname="org.springframework.ejb.access.LocalSlsbInvokerInterceptorTests" time="0.056"/>
  <testcase name="testApplicationException()" classname="org.springframework.ejb.access.LocalSlsbInvokerInterceptorTests" time="0.004"/>
  <testcase name="testPerformsLookup()" classname="org.springframework.ejb.access.LocalSlsbInvokerInterceptorTests" time="0.004"/>
  <testcase name="testInvokesMethodOnEjbInstanceWithSeparateBusinessMethods()" classname="org.springframework.ejb.access.LocalSlsbInvokerInterceptorTests" time="0.015"/>
  <testcase name="testLookupFailure()" classname="org.springframework.ejb.access.LocalSlsbInvokerInterceptorTests" time="0.001"/>
  <system-out><![CDATA[]]></system-out>
  <system-err><![CDATA[]]></system-err>
</testsuite>
