<?xml version="1.0" encoding="UTF-8"?>
<testsuite name="org.springframework.aop.target.CommonsPool2TargetSourceTests" tests="9" skipped="0" failures="0" errors="0" timestamp="2020-03-31T12:23:30" hostname="DESKTOP-LR4J8H3" time="0.142">
  <properties/>
  <testcase name="testHitMaxSize()" classname="org.springframework.aop.target.CommonsPool2TargetSourceTests" time="0.011"/>
  <testcase name="testHitMaxSizeLoadedFromContext()" classname="org.springframework.aop.target.CommonsPool2TargetSourceTests" time="0.045"/>
  <testcase name="testSetWhenExhaustedAction()" classname="org.springframework.aop.target.CommonsPool2TargetSourceTests" time="0.006"/>
  <testcase name="testConfigMixin()" classname="org.springframework.aop.target.CommonsPool2TargetSourceTests" time="0.02"/>
  <testcase name="testTargetSourceSerializableWithoutConfigMixin()" classname="org.springframework.aop.target.CommonsPool2TargetSourceTests" time="0.011"/>
  <testcase name="testFunctionality()" classname="org.springframework.aop.target.CommonsPool2TargetSourceTests" time="0.017"/>
  <testcase name="referenceIdentityByDefault()" classname="org.springframework.aop.target.CommonsPool2TargetSourceTests" time="0.006"/>
  <testcase name="testFunctionalityWithNoInterceptors()" classname="org.springframework.aop.target.CommonsPool2TargetSourceTests" time="0.011"/>
  <testcase name="testProxySerializableWithoutConfigMixin()" classname="org.springframework.aop.target.CommonsPool2TargetSourceTests" time="0.011"/>
  <system-out><![CDATA[0
1
2
3
4
5
6
7
8
9
]]></system-out>
  <system-err><![CDATA[]]></system-err>
</testsuite>
