<?xml version="1.0" encoding="UTF-8"?>
<testsuite name="org.springframework.aop.aspectj.AspectJExpressionPointcutAdvisorTests" tests="1" skipped="0" failures="0" errors="0" timestamp="2020-03-31T12:23:23" hostname="DESKTOP-LR4J8H3" time="0.038">
  <properties/>
  <testcase name="testPointcutting()" classname="org.springframework.aop.aspectj.AspectJExpressionPointcutAdvisorTests" time="0.038"/>
  <system-out><![CDATA[]]></system-out>
  <system-err><![CDATA[]]></system-err>
</testsuite>
