<?xml version="1.0" encoding="UTF-8"?>
<testsuite name="org.springframework.validation.beanvalidation.BeanValidationPostProcessorTests" tests="6" skipped="0" failures="0" errors="0" timestamp="2020-03-31T12:24:38" hostname="DESKTOP-LR4J8H3" time="0.221">
  <properties/>
  <testcase name="testNotNullConstraintAfterInitializationWithProxy()" classname="org.springframework.validation.beanvalidation.BeanValidationPostProcessorTests" time="0.115"/>
  <testcase name="testSizeConstraintSatisfied()" classname="org.springframework.validation.beanvalidation.BeanValidationPostProcessorTests" time="0.02"/>
  <testcase name="testNotNullConstraintAfterInitialization()" classname="org.springframework.validation.beanvalidation.BeanValidationPostProcessorTests" time="0.011"/>
  <testcase name="testNotNullConstraintSatisfied()" classname="org.springframework.validation.beanvalidation.BeanValidationPostProcessorTests" time="0.01"/>
  <testcase name="testSizeConstraint()" classname="org.springframework.validation.beanvalidation.BeanValidationPostProcessorTests" time="0.052"/>
  <testcase name="testNotNullConstraint()" classname="org.springframework.validation.beanvalidation.BeanValidationPostProcessorTests" time="0.011"/>
  <system-out><![CDATA[20:24:38.902 [Test worker] WARN  o.s.c.s.GenericApplicationContext - Exception encountered during context initialization - cancelling refresh attempt: org.springframework.beans.factory.BeanCreationException: Error creating bean with name 'bean': Initialization of bean failed; nested exception is org.springframework.beans.factory.BeanInitializationException: Bean state is invalid: stringValue - muss zwischen 2 und 2147483647 liegen
20:24:38.913 [Test worker] WARN  o.s.c.s.GenericApplicationContext - Exception encountered during context initialization - cancelling refresh attempt: org.springframework.beans.factory.BeanCreationException: Error creating bean with name 'bean': Initialization of bean failed; nested exception is org.springframework.beans.factory.BeanInitializationException: Bean state is invalid: testBean - darf nicht null sein
]]></system-out>
  <system-err><![CDATA[]]></system-err>
</testsuite>
