<?xml version="1.0" encoding="UTF-8"?>
<testsuite name="org.springframework.context.annotation.AnnotationConfigApplicationContextExtensionsTests" tests="1" skipped="0" failures="0" errors="0" timestamp="2020-03-31T12:24:41" hostname="DESKTOP-LR4J8H3" time="1.047">
  <properties/>
  <testcase name="Instantiate AnnotationConfigApplicationContext()" classname="org.springframework.context.annotation.AnnotationConfigApplicationContextExtensionsTests" time="1.047"/>
  <system-out><![CDATA[]]></system-out>
  <system-err><![CDATA[]]></system-err>
</testsuite>
