<?xml version="1.0" encoding="UTF-8"?>
<testsuite name="org.springframework.jmx.support.JmxUtilsTests" tests="12" skipped="0" failures="0" errors="0" timestamp="2020-03-31T12:24:23" hostname="DESKTOP-LR4J8H3" time="0.013">
  <properties/>
  <testcase name="notAnMBean()" classname="org.springframework.jmx.support.JmxUtilsTests" time="0.0"/>
  <testcase name="isMBeanWithDynamicMBean()" classname="org.springframework.jmx.support.JmxUtilsTests" time="0.0"/>
  <testcase name="getAttributeNameWithoutStrictCasing()" classname="org.springframework.jmx.support.JmxUtilsTests" time="0.005"/>
  <testcase name="simpleMXBean()" classname="org.springframework.jmx.support.JmxUtilsTests" time="0.001"/>
  <testcase name="isMBeanWithStandardMBeanWrapper()" classname="org.springframework.jmx.support.JmxUtilsTests" time="0.0"/>
  <testcase name="simpleMBean()" classname="org.springframework.jmx.support.JmxUtilsTests" time="0.0"/>
  <testcase name="simpleMBeanThroughInheritance()" classname="org.springframework.jmx.support.JmxUtilsTests" time="0.0"/>
  <testcase name="locatePlatformMBeanServer()" classname="org.springframework.jmx.support.JmxUtilsTests" time="0.004"/>
  <testcase name="isMBeanWithStandardMBeanInherited()" classname="org.springframework.jmx.support.JmxUtilsTests" time="0.001"/>
  <testcase name="getAttributeNameWithStrictCasing()" classname="org.springframework.jmx.support.JmxUtilsTests" time="0.0"/>
  <testcase name="appendIdentityToObjectName()" classname="org.springframework.jmx.support.JmxUtilsTests" time="0.0"/>
  <testcase name="isMBean()" classname="org.springframework.jmx.support.JmxUtilsTests" time="0.0"/>
  <system-out><![CDATA[]]></system-out>
  <system-err><![CDATA[]]></system-err>
</testsuite>
