<?xml version="1.0" encoding="UTF-8"?>
<testsuite name="org.springframework.jmx.support.MBeanServerConnectionFactoryBeanTests" tests="4" skipped="0" failures="0" errors="0" timestamp="2020-03-31T12:24:23" hostname="DESKTOP-LR4J8H3" time="0.236">
  <properties/>
  <testcase name="lazyConnectionAndNoAccess()" classname="org.springframework.jmx.support.MBeanServerConnectionFactoryBeanTests" time="0.014"/>
  <testcase name="noServiceUrl()" classname="org.springframework.jmx.support.MBeanServerConnectionFactoryBeanTests" time="0.001"/>
  <testcase name="lazyConnection()" classname="org.springframework.jmx.support.MBeanServerConnectionFactoryBeanTests" time="0.11"/>
  <testcase name="validConnection()" classname="org.springframework.jmx.support.MBeanServerConnectionFactoryBeanTests" time="0.109"/>
  <system-out><![CDATA[]]></system-out>
  <system-err><![CDATA[]]></system-err>
</testsuite>
