<?xml version="1.0" encoding="UTF-8"?>
<testsuite name="org.springframework.context.annotation.configuration.ConfigurationClassAspectIntegrationTests" tests="3" skipped="0" failures="0" errors="0" timestamp="2020-03-31T12:23:49" hostname="DESKTOP-LR4J8H3" time="0.091">
  <properties/>
  <testcase name="configurationIncludesAspect()" classname="org.springframework.context.annotation.configuration.ConfigurationClassAspectIntegrationTests" time="0.038"/>
  <testcase name="withInnerClassAndLambdaExpression()" classname="org.springframework.context.annotation.configuration.ConfigurationClassAspectIntegrationTests" time="0.022"/>
  <testcase name="aspectAnnotatedConfiguration()" classname="org.springframework.context.annotation.configuration.ConfigurationClassAspectIntegrationTests" time="0.031"/>
  <system-out><![CDATA[]]></system-out>
  <system-err><![CDATA[]]></system-err>
</testsuite>
