<?xml version="1.0" encoding="UTF-8"?>
<testsuite name="org.springframework.context.annotation.Spr16022Tests" tests="2" skipped="0" failures="0" errors="0" timestamp="2020-03-31T12:24:42" hostname="DESKTOP-LR4J8H3" time="0.06">
  <properties/>
  <testcase name="Register beans with multiple constructors with AnnotationConfigApplicationContext()" classname="org.springframework.context.annotation.Spr16022Tests" time="0.042"/>
  <testcase name="Register beans with multiple constructors with ClassPathXmlApplicationContext()" classname="org.springframework.context.annotation.Spr16022Tests" time="0.018"/>
  <system-out><![CDATA[]]></system-out>
  <system-err><![CDATA[]]></system-err>
</testsuite>
