<?xml version="1.0" encoding="UTF-8"?>
<testsuite name="org.springframework.aop.framework.autoproxy.BeanNameAutoProxyCreatorTests" tests="8" skipped="0" failures="0" errors="0" timestamp="2020-03-31T12:23:28" hostname="DESKTOP-LR4J8H3" time="0.15">
  <properties/>
  <testcase name="testJdkProxyWithExactNameMatch()" classname="org.springframework.aop.framework.autoproxy.BeanNameAutoProxyCreatorTests" time="0.044"/>
  <testcase name="testCglibProxyWithWildcardMatch()" classname="org.springframework.aop.framework.autoproxy.BeanNameAutoProxyCreatorTests" time="0.021"/>
  <testcase name="testJdkIntroductionAppliesToCreatedObjectsNotFactoryBean()" classname="org.springframework.aop.framework.autoproxy.BeanNameAutoProxyCreatorTests" time="0.016"/>
  <testcase name="testJdkProxyWithWildcardMatch()" classname="org.springframework.aop.framework.autoproxy.BeanNameAutoProxyCreatorTests" time="0.012"/>
  <testcase name="testNoProxy()" classname="org.springframework.aop.framework.autoproxy.BeanNameAutoProxyCreatorTests" time="0.015"/>
  <testcase name="testJdkProxyWithDoubleProxying()" classname="org.springframework.aop.framework.autoproxy.BeanNameAutoProxyCreatorTests" time="0.011"/>
  <testcase name="testJdkIntroduction()" classname="org.springframework.aop.framework.autoproxy.BeanNameAutoProxyCreatorTests" time="0.017"/>
  <testcase name="testWithFrozenProxy()" classname="org.springframework.aop.framework.autoproxy.BeanNameAutoProxyCreatorTests" time="0.01"/>
  <system-out><![CDATA[]]></system-out>
  <system-err><![CDATA[]]></system-err>
</testsuite>
