<?xml version="1.0" encoding="UTF-8"?>
<testsuite name="org.springframework.aop.framework.adapter.AdvisorAdapterRegistrationTests" tests="2" skipped="0" failures="0" errors="0" timestamp="2020-03-31T12:23:28" hostname="DESKTOP-LR4J8H3" time="0.035">
  <properties/>
  <testcase name="testAdvisorAdapterRegistrationManagerPresentInContext()" classname="org.springframework.aop.framework.adapter.AdvisorAdapterRegistrationTests" time="0.024"/>
  <testcase name="testAdvisorAdapterRegistrationManagerNotPresentInContext()" classname="org.springframework.aop.framework.adapter.AdvisorAdapterRegistrationTests" time="0.011"/>
  <system-out><![CDATA[]]></system-out>
  <system-err><![CDATA[]]></system-err>
</testsuite>
