<?xml version="1.0" encoding="UTF-8"?>
<testsuite name="org.springframework.context.annotation.configuration.BeanMethodQualificationTests" tests="8" skipped="0" failures="0" errors="0" timestamp="2020-03-31T12:23:49" hostname="DESKTOP-LR4J8H3" time="0.08">
  <properties/>
  <testcase name="testCustomWithLazyResolution()" classname="org.springframework.context.annotation.configuration.BeanMethodQualificationTests" time="0.015"/>
  <testcase name="testCustomWithAttributeOverride()" classname="org.springframework.context.annotation.configuration.BeanMethodQualificationTests" time="0.011"/>
  <testcase name="testCustomWithEarlyResolution()" classname="org.springframework.context.annotation.configuration.BeanMethodQualificationTests" time="0.004"/>
  <testcase name="testBeanNamesForAnnotation()" classname="org.springframework.context.annotation.configuration.BeanMethodQualificationTests" time="0.009"/>
  <testcase name="testCustomWithAsm()" classname="org.springframework.context.annotation.configuration.BeanMethodQualificationTests" time="0.007"/>
  <testcase name="testScoped()" classname="org.springframework.context.annotation.configuration.BeanMethodQualificationTests" time="0.01"/>
  <testcase name="testStandard()" classname="org.springframework.context.annotation.configuration.BeanMethodQualificationTests" time="0.006"/>
  <testcase name="testScopedProxy()" classname="org.springframework.context.annotation.configuration.BeanMethodQualificationTests" time="0.014"/>
  <system-out><![CDATA[]]></system-out>
  <system-err><![CDATA[]]></system-err>
</testsuite>
