<?xml version="1.0" encoding="UTF-8"?>
<testsuite name="org.springframework.context.support.GenericXmlApplicationContextTests" tests="4" skipped="0" failures="0" errors="0" timestamp="2020-03-31T12:24:03" hostname="DESKTOP-LR4J8H3" time="0.03">
  <properties/>
  <testcase name="classRelativeResourceLoading_ctor()" classname="org.springframework.context.support.GenericXmlApplicationContextTests" time="0.007"/>
  <testcase name="classRelativeResourceLoading_load()" classname="org.springframework.context.support.GenericXmlApplicationContextTests" time="0.007"/>
  <testcase name="fullyQualifiedResourceLoading_ctor()" classname="org.springframework.context.support.GenericXmlApplicationContextTests" time="0.007"/>
  <testcase name="fullyQualifiedResourceLoading_load()" classname="org.springframework.context.support.GenericXmlApplicationContextTests" time="0.007"/>
  <system-out><![CDATA[]]></system-out>
  <system-err><![CDATA[]]></system-err>
</testsuite>
