<?xml version="1.0" encoding="UTF-8"?>
<testsuite name="org.springframework.context.annotation.spr16756.Spr16756Tests" tests="1" skipped="0" failures="0" errors="0" timestamp="2020-03-31T12:23:54" hostname="DESKTOP-LR4J8H3" time="0.016">
  <properties/>
  <testcase name="shouldNotFailOnNestedScopedComponent()" classname="org.springframework.context.annotation.spr16756.Spr16756Tests" time="0.016"/>
  <system-out><![CDATA[]]></system-out>
  <system-err><![CDATA[]]></system-err>
</testsuite>
