<?xml version="1.0" encoding="UTF-8"?>
<testsuite name="org.springframework.cache.config.ExpressionCachingIntegrationTests" tests="1" skipped="0" failures="0" errors="0" timestamp="2020-03-31T12:23:41" hostname="DESKTOP-LR4J8H3" time="0.026">
  <properties/>
  <testcase name="expressionIsCacheBasedOnActualMethod()" classname="org.springframework.cache.config.ExpressionCachingIntegrationTests" time="0.026"/>
  <system-out><![CDATA[]]></system-out>
  <system-err><![CDATA[]]></system-err>
</testsuite>
