<?xml version="1.0" encoding="UTF-8"?>
<testsuite name="org.springframework.scripting.groovy.GroovyAspectIntegrationTests" tests="4" skipped="0" failures="0" errors="0" timestamp="2020-03-31T12:24:30" hostname="DESKTOP-LR4J8H3" time="0.235">
  <properties/>
  <testcase name="testJavaBean()" classname="org.springframework.scripting.groovy.GroovyAspectIntegrationTests" time="0.023"/>
  <testcase name="testGroovyBeanProxyTargetClass()" classname="org.springframework.scripting.groovy.GroovyAspectIntegrationTests" time="0.102"/>
  <testcase name="testGroovyBeanDynamic()" classname="org.springframework.scripting.groovy.GroovyAspectIntegrationTests" time="0.059"/>
  <testcase name="testGroovyBeanInterface()" classname="org.springframework.scripting.groovy.GroovyAspectIntegrationTests" time="0.05"/>
  <system-out><![CDATA[]]></system-out>
  <system-err><![CDATA[]]></system-err>
</testsuite>
