<?xml version="1.0" encoding="UTF-8"?>
<testsuite name="org.springframework.context.annotation.configuration.Spr12526Tests" tests="1" skipped="0" failures="0" errors="0" timestamp="2020-03-31T12:23:50" hostname="DESKTOP-LR4J8H3" time="0.034">
  <properties/>
  <testcase name="testInjection()" classname="org.springframework.context.annotation.configuration.Spr12526Tests" time="0.034"/>
  <system-out><![CDATA[]]></system-out>
  <system-err><![CDATA[]]></system-err>
</testsuite>
