<?xml version="1.0" encoding="UTF-8"?>
<testsuite name="org.springframework.context.support.Spr7816Tests" tests="1" skipped="0" failures="0" errors="0" timestamp="2020-03-31T12:24:05" hostname="DESKTOP-LR4J8H3" time="0.005">
  <properties/>
  <testcase name="spr7816()" classname="org.springframework.context.support.Spr7816Tests" time="0.005"/>
  <system-out><![CDATA[]]></system-out>
  <system-err><![CDATA[]]></system-err>
</testsuite>
