<?xml version="1.0" encoding="UTF-8"?>
<testsuite name="org.springframework.jndi.JndiTemplateTests" tests="7" skipped="0" failures="0" errors="0" timestamp="2020-03-31T12:24:23" hostname="DESKTOP-LR4J8H3" time="0.011">
  <properties/>
  <testcase name="testBind()" classname="org.springframework.jndi.JndiTemplateTests" time="0.001"/>
  <testcase name="testLookupSucceeds()" classname="org.springframework.jndi.JndiTemplateTests" time="0.001"/>
  <testcase name="testLookupReturnsNull()" classname="org.springframework.jndi.JndiTemplateTests" time="0.002"/>
  <testcase name="testLookupFailsWithTypeMismatch()" classname="org.springframework.jndi.JndiTemplateTests" time="0.002"/>
  <testcase name="testLookupFails()" classname="org.springframework.jndi.JndiTemplateTests" time="0.001"/>
  <testcase name="testRebind()" classname="org.springframework.jndi.JndiTemplateTests" time="0.001"/>
  <testcase name="testUnbind()" classname="org.springframework.jndi.JndiTemplateTests" time="0.001"/>
  <system-out><![CDATA[]]></system-out>
  <system-err><![CDATA[]]></system-err>
</testsuite>
