<?xml version="1.0" encoding="UTF-8"?>
<testsuite name="org.springframework.aop.framework.autoproxy.AdvisorAutoProxyCreatorTests" tests="6" skipped="0" failures="0" errors="0" timestamp="2020-03-31T12:23:28" hostname="DESKTOP-LR4J8H3" time="0.183">
  <properties/>
  <testcase name="testCustomTargetSourceNoMatch()" classname="org.springframework.aop.framework.autoproxy.AdvisorAutoProxyCreatorTests" time="0.019"/>
  <testcase name="testLazyInitTargetSource()" classname="org.springframework.aop.framework.autoproxy.AdvisorAutoProxyCreatorTests" time="0.013"/>
  <testcase name="testQuickTargetSourceCreator()" classname="org.springframework.aop.framework.autoproxy.AdvisorAutoProxyCreatorTests" time="0.07"/>
  <testcase name="testCustomPrototypeTargetSource()" classname="org.springframework.aop.framework.autoproxy.AdvisorAutoProxyCreatorTests" time="0.01"/>
  <testcase name="testCommonInterceptorAndAdvisor()" classname="org.springframework.aop.framework.autoproxy.AdvisorAutoProxyCreatorTests" time="0.033"/>
  <testcase name="testWithOptimizedProxy()" classname="org.springframework.aop.framework.autoproxy.AdvisorAutoProxyCreatorTests" time="0.036"/>
  <system-out><![CDATA[]]></system-out>
  <system-err><![CDATA[]]></system-err>
</testsuite>
