<?xml version="1.0" encoding="UTF-8"?>
<testsuite name="org.springframework.format.datetime.joda.DateTimeFormatterFactoryBeanTests" tests="4" skipped="0" failures="0" errors="0" timestamp="2020-03-31T12:24:07" hostname="DESKTOP-LR4J8H3" time="0.002">
  <properties/>
  <testcase name="isSingleton()" classname="org.springframework.format.datetime.joda.DateTimeFormatterFactoryBeanTests" time="0.001"/>
  <testcase name="getObjectIsAlwaysSingleton()" classname="org.springframework.format.datetime.joda.DateTimeFormatterFactoryBeanTests" time="0.0"/>
  <testcase name="getObject()" classname="org.springframework.format.datetime.joda.DateTimeFormatterFactoryBeanTests" time="0.001"/>
  <testcase name="getObjectType()" classname="org.springframework.format.datetime.joda.DateTimeFormatterFactoryBeanTests" time="0.0"/>
  <system-out><![CDATA[]]></system-out>
  <system-err><![CDATA[]]></system-err>
</testsuite>
