<?xml version="1.0" encoding="UTF-8"?>
<testsuite name="org.springframework.context.support.GenericApplicationContextTests" tests="11" skipped="0" failures="0" errors="0" timestamp="2020-03-31T12:24:03" hostname="DESKTOP-LR4J8H3" time="0.044">
  <properties/>
  <testcase name="individualBeanWithSupplier()" classname="org.springframework.context.support.GenericApplicationContextTests" time="0.011"/>
  <testcase name="individualNamedBeanWithSupplier()" classname="org.springframework.context.support.GenericApplicationContextTests" time="0.003"/>
  <testcase name="withScopedSupplier()" classname="org.springframework.context.support.GenericApplicationContextTests" time="0.008"/>
  <testcase name="individualBeanWithSupplierAndCustomizer()" classname="org.springframework.context.support.GenericApplicationContextTests" time="0.002"/>
  <testcase name="individualNamedBeanWithSupplierAndCustomizer()" classname="org.springframework.context.support.GenericApplicationContextTests" time="0.003"/>
  <testcase name="individualBeans()" classname="org.springframework.context.support.GenericApplicationContextTests" time="0.002"/>
  <testcase name="accessAfterClosing()" classname="org.springframework.context.support.GenericApplicationContextTests" time="0.002"/>
  <testcase name="individualNamedBeans()" classname="org.springframework.context.support.GenericApplicationContextTests" time="0.001"/>
  <testcase name="individualBeanWithNullReturningSupplier()" classname="org.springframework.context.support.GenericApplicationContextTests" time="0.001"/>
  <testcase name="withSingletonSupplier()" classname="org.springframework.context.support.GenericApplicationContextTests" time="0.001"/>
  <testcase name="getBeanForClass()" classname="org.springframework.context.support.GenericApplicationContextTests" time="0.002"/>
  <system-out><![CDATA[]]></system-out>
  <system-err><![CDATA[]]></system-err>
</testsuite>
