<?xml version="1.0" encoding="UTF-8"?>
<testsuite name="org.springframework.jmx.export.assembler.MethodExclusionMBeanInfoAssemblerTests" tests="15" skipped="0" failures="0" errors="0" timestamp="2020-03-31T12:24:22" hostname="DESKTOP-LR4J8H3" time="0.111">
  <properties/>
  <testcase name="testDescriptionNotNull()" classname="org.springframework.jmx.export.assembler.MethodExclusionMBeanInfoAssemblerTests" time="0.009"/>
  <testcase name="testGetMBeanAttributeInfo()" classname="org.springframework.jmx.export.assembler.MethodExclusionMBeanInfoAssemblerTests" time="0.005"/>
  <testcase name="testSetAttribute()" classname="org.springframework.jmx.export.assembler.MethodExclusionMBeanInfoAssemblerTests" time="0.01"/>
  <testcase name="testAttributeInfoHasDescriptors()" classname="org.springframework.jmx.export.assembler.MethodExclusionMBeanInfoAssemblerTests" time="0.007"/>
  <testcase name="testGetMBeanInfo()" classname="org.springframework.jmx.export.assembler.MethodExclusionMBeanInfoAssemblerTests" time="0.009"/>
  <testcase name="testGetMBeanOperationInfo()" classname="org.springframework.jmx.export.assembler.MethodExclusionMBeanInfoAssemblerTests" time="0.009"/>
  <testcase name="testRegisterOperations()" classname="org.springframework.jmx.export.assembler.MethodExclusionMBeanInfoAssemblerTests" time="0.008"/>
  <testcase name="testRegisterAttributes()" classname="org.springframework.jmx.export.assembler.MethodExclusionMBeanInfoAssemblerTests" time="0.006"/>
  <testcase name="testNotificationMetadata()" classname="org.springframework.jmx.export.assembler.MethodExclusionMBeanInfoAssemblerTests" time="0.007"/>
  <testcase name="testAttributeHasCorrespondingOperations()" classname="org.springframework.jmx.export.assembler.MethodExclusionMBeanInfoAssemblerTests" time="0.007"/>
  <testcase name="testMBeanRegistration()" classname="org.springframework.jmx.export.assembler.MethodExclusionMBeanInfoAssemblerTests" time="0.006"/>
  <testcase name="testGetAttribute()" classname="org.springframework.jmx.export.assembler.MethodExclusionMBeanInfoAssemblerTests" time="0.007"/>
  <testcase name="testOperationInvocation()" classname="org.springframework.jmx.export.assembler.MethodExclusionMBeanInfoAssemblerTests" time="0.005"/>
  <testcase name="testIsNotIgnoredDoesntIgnoreUnspecifiedBeanMethods()" classname="org.springframework.jmx.export.assembler.MethodExclusionMBeanInfoAssemblerTests" time="0.005"/>
  <testcase name="testSupermanIsReadOnly()" classname="org.springframework.jmx.export.assembler.MethodExclusionMBeanInfoAssemblerTests" time="0.007"/>
  <system-out><![CDATA[]]></system-out>
  <system-err><![CDATA[]]></system-err>
</testsuite>
