<?xml version="1.0" encoding="UTF-8"?>
<testsuite name="org.springframework.aop.aspectj.autoproxy.benchmark.BenchmarkTests" tests="8" skipped="0" failures="0" errors="0" timestamp="2020-03-31T12:23:24" hostname="DESKTOP-LR4J8H3" time="0.279">
  <properties/>
  <testcase name="testRepeatedMixWithSpringAop()" classname="org.springframework.aop.aspectj.autoproxy.benchmark.BenchmarkTests" time="0.061"/>
  <testcase name="testRepeatedAroundAdviceInvocationsWithSpringAop()" classname="org.springframework.aop.aspectj.autoproxy.benchmark.BenchmarkTests" time="0.023"/>
  <testcase name="testRepeatedBeforeAdviceInvocationsWithAspectJ()" classname="org.springframework.aop.aspectj.autoproxy.benchmark.BenchmarkTests" time="0.025"/>
  <testcase name="testRepeatedAroundAdviceInvocationsWithAspectJ()" classname="org.springframework.aop.aspectj.autoproxy.benchmark.BenchmarkTests" time="0.038"/>
  <testcase name="testRepeatedAfterReturningAdviceInvocationsWithAspectJ()" classname="org.springframework.aop.aspectj.autoproxy.benchmark.BenchmarkTests" time="0.026"/>
  <testcase name="testRepeatedBeforeAdviceInvocationsWithSpringAop()" classname="org.springframework.aop.aspectj.autoproxy.benchmark.BenchmarkTests" time="0.041"/>
  <testcase name="testRepeatedAfterReturningAdviceInvocationsWithSpringAop()" classname="org.springframework.aop.aspectj.autoproxy.benchmark.BenchmarkTests" time="0.027"/>
  <testcase name="testRepeatedMixWithAspectJ()" classname="org.springframework.aop.aspectj.autoproxy.benchmark.BenchmarkTests" time="0.034"/>
  <system-out><![CDATA[StopWatch '': running time = 2603899 ns
---------------------------------------------
ns         %     Task name
---------------------------------------------
002603899  100%  10 repeated mixed invocations with Spring AOP

StopWatch '': running time = 432799 ns
---------------------------------------------
ns         %     Task name
---------------------------------------------
000432799  100%  10 repeated around advice invocations with Spring AOP

StopWatch '': running time = 728801 ns
---------------------------------------------
ns         %     Task name
---------------------------------------------
000728801  100%  10 repeated before advice invocations with AspectJ

StopWatch '': running time = 631900 ns
---------------------------------------------
ns         %     Task name
---------------------------------------------
000631900  100%  10 repeated around advice invocations with AspectJ

StopWatch '': running time = 856499 ns
---------------------------------------------
ns         %     Task name
---------------------------------------------
000856499  100%  10 repeated after returning advice invocations with AspectJ

StopWatch '': running time = 348900 ns
---------------------------------------------
ns         %     Task name
---------------------------------------------
000348900  100%  10 repeated before advice invocations with Spring AOP

StopWatch '': running time = 351000 ns
---------------------------------------------
ns         %     Task name
---------------------------------------------
000351000  100%  10 repeated after returning advice invocations with Spring AOP

StopWatch '': running time = 2294101 ns
---------------------------------------------
ns         %     Task name
---------------------------------------------
002294101  100%  10 repeated mixed invocations with AspectJ

]]></system-out>
  <system-err><![CDATA[]]></system-err>
</testsuite>
