<?xml version="1.0" encoding="UTF-8"?>
<testsuite name="org.springframework.aop.framework.autoproxy.BeanNameAutoProxyCreatorInitTests" tests="1" skipped="0" failures="0" errors="0" timestamp="2020-03-31T12:23:28" hostname="DESKTOP-LR4J8H3" time="0.055">
  <properties/>
  <testcase name="testIgnoreAdvisorThatIsCurrentlyInCreation()" classname="org.springframework.aop.framework.autoproxy.BeanNameAutoProxyCreatorInitTests" time="0.055"/>
  <system-out><![CDATA[]]></system-out>
  <system-err><![CDATA[]]></system-err>
</testsuite>
