<?xml version="1.0" encoding="UTF-8"?>
<testsuite name="org.springframework.context.annotation.ComponentScanParserBeanDefinitionDefaultsTests" tests="12" skipped="0" failures="0" errors="0" timestamp="2020-03-31T12:23:44" hostname="DESKTOP-LR4J8H3" time="3.188">
  <properties/>
  <testcase name="testDefaultInitAndDestroyMethodsDefined()" classname="org.springframework.context.annotation.ComponentScanParserBeanDefinitionDefaultsTests" time="0.324"/>
  <testcase name="testDefaultNonExistingInitAndDestroyMethodsDefined()" classname="org.springframework.context.annotation.ComponentScanParserBeanDefinitionDefaultsTests" time="0.287"/>
  <testcase name="testDefaultAutowire()" classname="org.springframework.context.annotation.ComponentScanParserBeanDefinitionDefaultsTests" time="0.317"/>
  <testcase name="testLazyInitFalse()" classname="org.springframework.context.annotation.ComponentScanParserBeanDefinitionDefaultsTests" time="0.296"/>
  <testcase name="testAutowireNo()" classname="org.springframework.context.annotation.ComponentScanParserBeanDefinitionDefaultsTests" time="0.273"/>
  <testcase name="testDefaultDependencyCheck()" classname="org.springframework.context.annotation.ComponentScanParserBeanDefinitionDefaultsTests" time="0.243"/>
  <testcase name="testDefaultLazyInit()" classname="org.springframework.context.annotation.ComponentScanParserBeanDefinitionDefaultsTests" time="0.221"/>
  <testcase name="testDefaultInitAndDestroyMethodsNotDefined()" classname="org.springframework.context.annotation.ComponentScanParserBeanDefinitionDefaultsTests" time="0.213"/>
  <testcase name="testAutowireByName()" classname="org.springframework.context.annotation.ComponentScanParserBeanDefinitionDefaultsTests" time="0.264"/>
  <testcase name="testAutowireByType()" classname="org.springframework.context.annotation.ComponentScanParserBeanDefinitionDefaultsTests" time="0.255"/>
  <testcase name="testAutowireConstructor()" classname="org.springframework.context.annotation.ComponentScanParserBeanDefinitionDefaultsTests" time="0.261"/>
  <testcase name="testLazyInitTrue()" classname="org.springframework.context.annotation.ComponentScanParserBeanDefinitionDefaultsTests" time="0.23"/>
  <system-out><![CDATA[20:23:47.535 [Test worker] WARN  o.s.c.s.GenericApplicationContext - Exception encountered during context initialization - cancelling refresh attempt: org.springframework.beans.factory.UnsatisfiedDependencyException: Error creating bean with name 'componentScanParserBeanDefinitionDefaultsTests.DefaultsTestBean' defined in file [E:\002_project\IntelliJ_IDEA\source-code\spring\spring-framework-5.2.2.RELEASE\spring-context\build\classes\java\test\org\springframework\context\annotation\ComponentScanParserBeanDefinitionDefaultsTests$DefaultsTestBean.class]: Unsatisfied dependency expressed through bean property 'propertyDependency1'; nested exception is org.springframework.beans.factory.NoUniqueBeanDefinitionException: No qualifying bean of type 'org.springframework.context.annotation.ComponentScanParserBeanDefinitionDefaultsTests$PropertyDependencyTestBean' available: expected single matching bean but found 2: org.springframework.context.annotation.ComponentScanParserBeanDefinitionDefaultsTests$PropertyDependencyTestBean#0,propertyDependency2
]]></system-out>
  <system-err><![CDATA[]]></system-err>
</testsuite>
