<?xml version="1.0" encoding="UTF-8"?>
<testsuite name="org.springframework.context.annotation.ConfigurationClassPostConstructAndAutowiringTests" tests="2" skipped="0" failures="0" errors="0" timestamp="2020-03-31T12:23:50" hostname="DESKTOP-LR4J8H3" time="0.021">
  <properties/>
  <testcase name="originalReproCase()" classname="org.springframework.context.annotation.ConfigurationClassPostConstructAndAutowiringTests" time="0.017"/>
  <testcase name="control()" classname="org.springframework.context.annotation.ConfigurationClassPostConstructAndAutowiringTests" time="0.004"/>
  <system-out><![CDATA[]]></system-out>
  <system-err><![CDATA[]]></system-err>
</testsuite>
