<?xml version="1.0" encoding="UTF-8"?>
<testsuite name="org.springframework.aop.config.AopNamespaceHandlerReturningTests" tests="2" skipped="0" failures="0" errors="0" timestamp="2020-03-31T12:23:27" hostname="DESKTOP-LR4J8H3" time="0.027">
  <properties/>
  <testcase name="testParseReturningOnOtherAdviceType()" classname="org.springframework.aop.config.AopNamespaceHandlerReturningTests" time="0.012"/>
  <testcase name="testReturningOnReturningAdvice()" classname="org.springframework.aop.config.AopNamespaceHandlerReturningTests" time="0.015"/>
  <system-out><![CDATA[]]></system-out>
  <system-err><![CDATA[]]></system-err>
</testsuite>
