<?xml version="1.0" encoding="UTF-8"?>
<testsuite name="org.springframework.ejb.access.LocalStatelessSessionProxyFactoryBeanTests" tests="4" skipped="0" failures="0" errors="0" timestamp="2020-03-31T12:24:06" hostname="DESKTOP-LR4J8H3" time="0.02">
  <properties/>
  <testcase name="testInvokesMethodOnEjb3StyleBean()" classname="org.springframework.ejb.access.LocalStatelessSessionProxyFactoryBeanTests" time="0.009"/>
  <testcase name="testNoBusinessInterfaceSpecified()" classname="org.springframework.ejb.access.LocalStatelessSessionProxyFactoryBeanTests" time="0.007"/>
  <testcase name="testCreateException()" classname="org.springframework.ejb.access.LocalStatelessSessionProxyFactoryBeanTests" time="0.002"/>
  <testcase name="testInvokesMethod()" classname="org.springframework.ejb.access.LocalStatelessSessionProxyFactoryBeanTests" time="0.001"/>
  <system-out><![CDATA[]]></system-out>
  <system-err><![CDATA[]]></system-err>
</testsuite>
