<?xml version="1.0" encoding="UTF-8"?>
<testsuite name="org.springframework.format.support.FormattingConversionServiceFactoryBeanTests" tests="5" skipped="0" failures="0" errors="0" timestamp="2020-03-31T12:24:08" hostname="DESKTOP-LR4J8H3" time="0.036">
  <properties/>
  <testcase name="testFormatterRegistrar()" classname="org.springframework.format.support.FormattingConversionServiceFactoryBeanTests" time="0.004"/>
  <testcase name="testInvalidFormatter()" classname="org.springframework.format.support.FormattingConversionServiceFactoryBeanTests" time="0.003"/>
  <testcase name="testCustomFormatter()" classname="org.springframework.format.support.FormattingConversionServiceFactoryBeanTests" time="0.015"/>
  <testcase name="testDefaultFormattersOn()" classname="org.springframework.format.support.FormattingConversionServiceFactoryBeanTests" time="0.006"/>
  <testcase name="testDefaultFormattersOff()" classname="org.springframework.format.support.FormattingConversionServiceFactoryBeanTests" time="0.005"/>
  <system-out><![CDATA[]]></system-out>
  <system-err><![CDATA[]]></system-err>
</testsuite>
