<?xml version="1.0" encoding="UTF-8"?>
<testsuite name="org.springframework.cache.interceptor.CacheResolverCustomizationTests" tests="7" skipped="0" failures="0" errors="0" timestamp="2020-03-31T12:23:41" hostname="DESKTOP-LR4J8H3" time="0.149">
  <properties/>
  <testcase name="customCacheResolver()" classname="org.springframework.cache.interceptor.CacheResolverCustomizationTests" time="0.03"/>
  <testcase name="runtimeResolution()" classname="org.springframework.cache.interceptor.CacheResolverCustomizationTests" time="0.016"/>
  <testcase name="namedResolution()" classname="org.springframework.cache.interceptor.CacheResolverCustomizationTests" time="0.02"/>
  <testcase name="noCustomization()" classname="org.springframework.cache.interceptor.CacheResolverCustomizationTests" time="0.019"/>
  <testcase name="customCacheManager()" classname="org.springframework.cache.interceptor.CacheResolverCustomizationTests" time="0.015"/>
  <testcase name="noCacheResolved()" classname="org.springframework.cache.interceptor.CacheResolverCustomizationTests" time="0.032"/>
  <testcase name="unknownCacheResolver()" classname="org.springframework.cache.interceptor.CacheResolverCustomizationTests" time="0.014"/>
  <system-out><![CDATA[]]></system-out>
  <system-err><![CDATA[]]></system-err>
</testsuite>
