<?xml version="1.0" encoding="UTF-8"?>
<testsuite name="org.springframework.context.index.CandidateComponentsIndexLoaderTests" tests="8" skipped="0" failures="0" errors="0" timestamp="2020-03-31T12:23:58" hostname="DESKTOP-LR4J8H3" time="0.011">
  <properties/>
  <testcase name="loadIndexNoEntry()" classname="org.springframework.context.index.CandidateComponentsIndexLoaderTests" time="0.001"/>
  <testcase name="loadIndexNoMatch()" classname="org.springframework.context.index.CandidateComponentsIndexLoaderTests" time="0.002"/>
  <testcase name="loadIndexSeveralMatches()" classname="org.springframework.context.index.CandidateComponentsIndexLoaderTests" time="0.001"/>
  <testcase name="loadIndexSingleMatch()" classname="org.springframework.context.index.CandidateComponentsIndexLoaderTests" time="0.001"/>
  <testcase name="loadIndexNoSpringComponentsResource()" classname="org.springframework.context.index.CandidateComponentsIndexLoaderTests" time="0.0"/>
  <testcase name="loadIndexNoPackage()" classname="org.springframework.context.index.CandidateComponentsIndexLoaderTests" time="0.001"/>
  <testcase name="validateIndexIsDisabledByDefault()" classname="org.springframework.context.index.CandidateComponentsIndexLoaderTests" time="0.002"/>
  <testcase name="loadIndexWithException()" classname="org.springframework.context.index.CandidateComponentsIndexLoaderTests" time="0.001"/>
  <system-out><![CDATA[]]></system-out>
  <system-err><![CDATA[]]></system-err>
</testsuite>
