<?xml version="1.0" encoding="UTF-8"?>
<testsuite name="org.springframework.context.annotation.spr12233.Spr12233Tests" tests="1" skipped="0" failures="0" errors="0" timestamp="2020-03-31T12:23:54" hostname="DESKTOP-LR4J8H3" time="0.012">
  <properties/>
  <testcase name="spr12233()" classname="org.springframework.context.annotation.spr12233.Spr12233Tests" time="0.012"/>
  <system-out><![CDATA[]]></system-out>
  <system-err><![CDATA[]]></system-err>
</testsuite>
