<?xml version="1.0" encoding="UTF-8"?>
<testsuite name="org.springframework.aop.aspectj.TargetPointcutSelectionTests" tests="2" skipped="0" failures="0" errors="0" timestamp="2020-03-31T12:23:26" hostname="DESKTOP-LR4J8H3" time="0.045">
  <properties/>
  <testcase name="targetSelectionForMatchedType()" classname="org.springframework.aop.aspectj.TargetPointcutSelectionTests" time="0.025"/>
  <testcase name="targetNonSelectionForMismatchedType()" classname="org.springframework.aop.aspectj.TargetPointcutSelectionTests" time="0.019"/>
  <system-out><![CDATA[]]></system-out>
  <system-err><![CDATA[]]></system-err>
</testsuite>
