<?xml version="1.0" encoding="UTF-8"?>
<testsuite name="org.springframework.jmx.export.PropertyPlaceholderConfigurerTests" tests="2" skipped="0" failures="0" errors="0" timestamp="2020-03-31T12:24:23" hostname="DESKTOP-LR4J8H3" time="0.011">
  <properties/>
  <testcase name="propertiesReplacedInApplicationContext()" classname="org.springframework.jmx.export.PropertyPlaceholderConfigurerTests" time="0.005"/>
  <testcase name="propertiesCorrectInJmx()" classname="org.springframework.jmx.export.PropertyPlaceholderConfigurerTests" time="0.006"/>
  <system-out><![CDATA[]]></system-out>
  <system-err><![CDATA[]]></system-err>
</testsuite>
