<?xml version="1.0" encoding="UTF-8"?>
<testsuite name="org.springframework.context.support.ApplicationContextLifecycleTests" tests="4" skipped="0" failures="0" errors="0" timestamp="2020-03-31T12:23:58" hostname="DESKTOP-LR4J8H3" time="0.051">
  <properties/>
  <testcase name="testStopOrder()" classname="org.springframework.context.support.ApplicationContextLifecycleTests" time="0.012"/>
  <testcase name="testBeansStop()" classname="org.springframework.context.support.ApplicationContextLifecycleTests" time="0.011"/>
  <testcase name="testBeansStart()" classname="org.springframework.context.support.ApplicationContextLifecycleTests" time="0.015"/>
  <testcase name="testStartOrder()" classname="org.springframework.context.support.ApplicationContextLifecycleTests" time="0.012"/>
  <system-out><![CDATA[]]></system-out>
  <system-err><![CDATA[]]></system-err>
</testsuite>
