<?xml version="1.0" encoding="UTF-8"?>
<testsuite name="org.springframework.aop.aspectj.BeforeAdviceBindingTests" tests="5" skipped="0" failures="0" errors="0" timestamp="2020-03-31T12:23:25" hostname="DESKTOP-LR4J8H3" time="0.147">
  <properties/>
  <testcase name="testOneObjectArgBoundToProxyUsingThis()" classname="org.springframework.aop.aspectj.BeforeAdviceBindingTests" time="0.028"/>
  <testcase name="testNeedsJoinPoint()" classname="org.springframework.aop.aspectj.BeforeAdviceBindingTests" time="0.028"/>
  <testcase name="testOneIntAndOneObjectArgs()" classname="org.springframework.aop.aspectj.BeforeAdviceBindingTests" time="0.032"/>
  <testcase name="testNeedsJoinPointStaticPart()" classname="org.springframework.aop.aspectj.BeforeAdviceBindingTests" time="0.027"/>
  <testcase name="testOneIntArg()" classname="org.springframework.aop.aspectj.BeforeAdviceBindingTests" time="0.028"/>
  <system-out><![CDATA[]]></system-out>
  <system-err><![CDATA[]]></system-err>
</testsuite>
