<?xml version="1.0" encoding="UTF-8"?>
<testsuite name="org.springframework.context.annotation.spr10546.Spr10546Tests" tests="10" skipped="0" failures="0" errors="0" timestamp="2020-03-31T12:23:53" hostname="DESKTOP-LR4J8H3" time="0.112">
  <properties/>
  <testcase name="enclosingConfigFirstParentDefinesBeanWithScanning()" classname="org.springframework.context.annotation.spr10546.Spr10546Tests" time="0.013"/>
  <testcase name="enclosingConfigOnly()" classname="org.springframework.context.annotation.spr10546.Spr10546Tests" time="0.005"/>
  <testcase name="enclosingConfigFirstParentWithParentDefinesBean()" classname="org.springframework.context.annotation.spr10546.Spr10546Tests" time="0.012"/>
  <testcase name="enclosingConfigFirstParentDefinesBeanWithImportResource()" classname="org.springframework.context.annotation.spr10546.Spr10546Tests" time="0.02"/>
  <testcase name="enclosingConfigFirstParentDefinesBeanWithImport()" classname="org.springframework.context.annotation.spr10546.Spr10546Tests" time="0.015"/>
  <testcase name="childConfigFirst()" classname="org.springframework.context.annotation.spr10546.Spr10546Tests" time="0.004"/>
  <testcase name="childConfigOnly()" classname="org.springframework.context.annotation.spr10546.Spr10546Tests" time="0.004"/>
  <testcase name="enclosingConfigFirstParentDefinesBean()" classname="org.springframework.context.annotation.spr10546.Spr10546Tests" time="0.004"/>
  <testcase name="enclosingConfigFirstParentDefinesBeanWithComponentScan()" classname="org.springframework.context.annotation.spr10546.Spr10546Tests" time="0.023"/>
  <testcase name="importChildConfigThenChildConfig()" classname="org.springframework.context.annotation.spr10546.Spr10546Tests" time="0.008"/>
  <system-out><![CDATA[]]></system-out>
  <system-err><![CDATA[]]></system-err>
</testsuite>
