<?xml version="1.0" encoding="UTF-8"?>
<testsuite name="org.springframework.context.annotation.configuration.ImportedConfigurationClassEnhancementTests" tests="5" skipped="0" failures="0" errors="0" timestamp="2020-03-31T12:23:49" hostname="DESKTOP-LR4J8H3" time="0.038">
  <properties/>
  <testcase name="autowiredConfigClassIsEnhancedWhenRegisteredViaConstructor()" classname="org.springframework.context.annotation.configuration.ImportedConfigurationClassEnhancementTests" time="0.009"/>
  <testcase name="autowiredConfigClassIsEnhancedWhenImported()" classname="org.springframework.context.annotation.configuration.ImportedConfigurationClassEnhancementTests" time="0.006"/>
  <testcase name="importingNonConfigurationClassCausesBeanDefinitionParsingException()" classname="org.springframework.context.annotation.configuration.ImportedConfigurationClassEnhancementTests" time="0.004"/>
  <testcase name="autowiredConfigClassBeanMethodsRespectScopingWhenImported()" classname="org.springframework.context.annotation.configuration.ImportedConfigurationClassEnhancementTests" time="0.004"/>
  <testcase name="autowiredConfigClassBeanMethodsRespectScopingWhenRegisteredViaConstructor()" classname="org.springframework.context.annotation.configuration.ImportedConfigurationClassEnhancementTests" time="0.003"/>
  <system-out><![CDATA[]]></system-out>
  <system-err><![CDATA[]]></system-err>
</testsuite>
