<?xml version="1.0" encoding="UTF-8"?>
<testsuite name="org.springframework.context.annotation.configuration.ImportResourceTests" tests="8" skipped="0" failures="0" errors="0" timestamp="2020-03-31T12:23:49" hostname="DESKTOP-LR4J8H3" time="0.163">
  <properties/>
  <testcase name="importNonXmlResource()" classname="org.springframework.context.annotation.configuration.ImportResourceTests" time="0.01"/>
  <testcase name="importXml()" classname="org.springframework.context.annotation.configuration.ImportResourceTests" time="0.023"/>
  <testcase name="importWithPlaceholder()" classname="org.springframework.context.annotation.configuration.ImportResourceTests" time="0.028"/>
  <testcase name="importXmlWithNamespaceConfig()" classname="org.springframework.context.annotation.configuration.ImportResourceTests" time="0.02"/>
  <testcase name="importXmlWithAutowiredConfig()" classname="org.springframework.context.annotation.configuration.ImportResourceTests" time="0.019"/>
  <testcase name="importXmlIsInheritedFromSuperclassDeclarations()" classname="org.springframework.context.annotation.configuration.ImportResourceTests" time="0.015"/>
  <testcase name="importXmlIsMergedFromSuperclassDeclarations()" classname="org.springframework.context.annotation.configuration.ImportResourceTests" time="0.021"/>
  <testcase name="importXmlWithOtherConfigurationClass()" classname="org.springframework.context.annotation.configuration.ImportResourceTests" time="0.023"/>
  <system-out><![CDATA[]]></system-out>
  <system-err><![CDATA[]]></system-err>
</testsuite>
