<?xml version="1.0" encoding="UTF-8"?>
<testsuite name="org.springframework.context.annotation.ImportAwareTests" tests="9" skipped="0" failures="0" errors="0" timestamp="2020-03-31T12:23:51" hostname="DESKTOP-LR4J8H3" time="0.09">
  <properties/>
  <testcase name="directlyAnnotatedWithImport()" classname="org.springframework.context.annotation.ImportAwareTests" time="0.023"/>
  <testcase name="metadataFromImportsTwoThenOne()" classname="org.springframework.context.annotation.ImportAwareTests" time="0.011"/>
  <testcase name="indirectlyAnnotatedWithImport()" classname="org.springframework.context.annotation.ImportAwareTests" time="0.011"/>
  <testcase name="metadataFromImportsOneThenThree()" classname="org.springframework.context.annotation.ImportAwareTests" time="0.004"/>
  <testcase name="directlyAnnotatedWithImportLite()" classname="org.springframework.context.annotation.ImportAwareTests" time="0.008"/>
  <testcase name="importAwareWithAnnotationAttributes()" classname="org.springframework.context.annotation.ImportAwareTests" time="0.007"/>
  <testcase name="importRegistrar()" classname="org.springframework.context.annotation.ImportAwareTests" time="0.009"/>
  <testcase name="importRegistrarWithImport()" classname="org.springframework.context.annotation.ImportAwareTests" time="0.01"/>
  <testcase name="metadataFromImportsOneThenTwo()" classname="org.springframework.context.annotation.ImportAwareTests" time="0.003"/>
  <system-out><![CDATA[]]></system-out>
  <system-err><![CDATA[]]></system-err>
</testsuite>
