<?xml version="1.0" encoding="UTF-8"?>
<testsuite name="org.springframework.ui.ModelMapExtensionsTests" tests="1" skipped="0" failures="0" errors="0" timestamp="2020-03-31T12:24:42" hostname="DESKTOP-LR4J8H3" time="0.001">
  <properties/>
  <testcase name="setAttribute()" classname="org.springframework.ui.ModelMapExtensionsTests" time="0.001"/>
  <system-out><![CDATA[]]></system-out>
  <system-err><![CDATA[]]></system-err>
</testsuite>
