<?xml version="1.0" encoding="UTF-8"?>
<testsuite name="org.springframework.context.annotation.Spr8954Tests" tests="2" skipped="0" failures="0" errors="0" timestamp="2020-03-31T12:23:54" hostname="DESKTOP-LR4J8H3" time="0.009">
  <properties/>
  <testcase name="repro()" classname="org.springframework.context.annotation.Spr8954Tests" time="0.005"/>
  <testcase name="findsBeansByTypeIfNotInstantiated()" classname="org.springframework.context.annotation.Spr8954Tests" time="0.003"/>
  <system-out><![CDATA[]]></system-out>
  <system-err><![CDATA[]]></system-err>
</testsuite>
