<?xml version="1.0" encoding="UTF-8"?>
<testsuite name="org.springframework.core.AttributeAccessorSupportTests" tests="4" skipped="0" failures="0" errors="0" timestamp="2020-03-31T12:16:07" hostname="DESKTOP-LR4J8H3" time="0.004">
  <properties/>
  <testcase name="attributeNames()" classname="org.springframework.core.AttributeAccessorSupportTests" time="0.002"/>
  <testcase name="remove()" classname="org.springframework.core.AttributeAccessorSupportTests" time="0.0"/>
  <testcase name="setAndGet()" classname="org.springframework.core.AttributeAccessorSupportTests" time="0.0"/>
  <testcase name="setAndHas()" classname="org.springframework.core.AttributeAccessorSupportTests" time="0.001"/>
  <system-out><![CDATA[]]></system-out>
  <system-err><![CDATA[]]></system-err>
</testsuite>
