<?xml version="1.0" encoding="UTF-8"?>
<testsuite name="org.springframework.util.xml.DomContentHandlerTests" tests="3" skipped="0" failures="0" errors="0" timestamp="2020-03-31T12:16:25" hostname="DESKTOP-LR4J8H3" time="0.073">
  <properties/>
  <testcase name="contentHandlerDocumentNoNamespacePrefixes()" classname="org.springframework.util.xml.DomContentHandlerTests" time="0.059"/>
  <testcase name="contentHandlerDocumentNamespacePrefixes()" classname="org.springframework.util.xml.DomContentHandlerTests" time="0.006"/>
  <testcase name="contentHandlerElement()" classname="org.springframework.util.xml.DomContentHandlerTests" time="0.007"/>
  <system-out><![CDATA[]]></system-out>
  <system-err><![CDATA[]]></system-err>
</testsuite>
