<?xml version="1.0" encoding="UTF-8"?>
<testsuite name="org.springframework.core.env.SimpleCommandLinePropertySourceTests" tests="8" skipped="0" failures="0" errors="0" timestamp="2020-03-31T12:16:11" hostname="DESKTOP-LR4J8H3" time="0.007">
  <properties/>
  <testcase name="withCustomName()" classname="org.springframework.core.env.SimpleCommandLinePropertySourceTests" time="0.001"/>
  <testcase name="withDefaultName()" classname="org.springframework.core.env.SimpleCommandLinePropertySourceTests" time="0.0"/>
  <testcase name="withCustomNonOptionArgsNameAndNoNonOptionArgsPresent()" classname="org.springframework.core.env.SimpleCommandLinePropertySourceTests" time="0.001"/>
  <testcase name="withOptionArgsOnly()" classname="org.springframework.core.env.SimpleCommandLinePropertySourceTests" time="0.0"/>
  <testcase name="withDefaultNonOptionArgsNameAndNoNonOptionArgsPresent()" classname="org.springframework.core.env.SimpleCommandLinePropertySourceTests" time="0.001"/>
  <testcase name="covertNonOptionArgsToStringArrayAndList()" classname="org.springframework.core.env.SimpleCommandLinePropertySourceTests" time="0.002"/>
  <testcase name="withDefaultNonOptionArgsNameAndNonOptionArgsPresent()" classname="org.springframework.core.env.SimpleCommandLinePropertySourceTests" time="0.0"/>
  <testcase name="withNoArgs()" classname="org.springframework.core.env.SimpleCommandLinePropertySourceTests" time="0.001"/>
  <system-out><![CDATA[]]></system-out>
  <system-err><![CDATA[]]></system-err>
</testsuite>
