<?xml version="1.0" encoding="UTF-8"?>
<testsuite name="org.springframework.util.xml.TransformerUtilsTests" tests="7" skipped="0" failures="0" errors="0" timestamp="2020-03-31T12:16:26" hostname="DESKTOP-LR4J8H3" time="0.008">
  <properties/>
  <testcase name="enableIndentingWithNegativeIndentAmount()" classname="org.springframework.util.xml.TransformerUtilsTests" time="0.001"/>
  <testcase name="disableIndentingWithNullTransformer()" classname="org.springframework.util.xml.TransformerUtilsTests" time="0.001"/>
  <testcase name="enableIndentingSunnyDayWithCustomKosherIndentAmount()" classname="org.springframework.util.xml.TransformerUtilsTests" time="0.0"/>
  <testcase name="enableIndentingWithZeroIndentAmount()" classname="org.springframework.util.xml.TransformerUtilsTests" time="0.002"/>
  <testcase name="enableIndentingSunnyDay()" classname="org.springframework.util.xml.TransformerUtilsTests" time="0.001"/>
  <testcase name="enableIndentingWithNullTransformer()" classname="org.springframework.util.xml.TransformerUtilsTests" time="0.001"/>
  <testcase name="disableIndentingSunnyDay()" classname="org.springframework.util.xml.TransformerUtilsTests" time="0.001"/>
  <system-out><![CDATA[]]></system-out>
  <system-err><![CDATA[]]></system-err>
</testsuite>
