<?xml version="1.0" encoding="UTF-8"?>
<testsuite name="org.springframework.core.env.PropertyResolverExtensionsTests" tests="3" skipped="0" failures="0" errors="0" timestamp="2020-03-31T12:16:28" hostname="DESKTOP-LR4J8H3" time="2.801">
  <properties/>
  <testcase name="getProperty extension()" classname="org.springframework.core.env.PropertyResolverExtensionsTests" time="2.747"/>
  <testcase name="get operator()" classname="org.springframework.core.env.PropertyResolverExtensionsTests" time="0.034"/>
  <testcase name="getRequiredProperty extension()" classname="org.springframework.core.env.PropertyResolverExtensionsTests" time="0.012"/>
  <system-out><![CDATA[]]></system-out>
  <system-err><![CDATA[]]></system-err>
</testsuite>
