<?xml version="1.0" encoding="UTF-8"?>
<testsuite name="org.springframework.util.DigestUtilsTests" tests="3" skipped="0" failures="0" errors="0" timestamp="2020-03-31T12:16:24" hostname="DESKTOP-LR4J8H3" time="0.008">
  <properties/>
  <testcase name="md5Hex()" classname="org.springframework.util.DigestUtilsTests" time="0.006"/>
  <testcase name="md5()" classname="org.springframework.util.DigestUtilsTests" time="0.001"/>
  <testcase name="md5StringBuilder()" classname="org.springframework.util.DigestUtilsTests" time="0.001"/>
  <system-out><![CDATA[]]></system-out>
  <system-err><![CDATA[]]></system-err>
</testsuite>
