<?xml version="1.0" encoding="UTF-8"?>
<testsuite name="org.springframework.util.comparator.ComparableComparatorTests" tests="2" skipped="0" failures="0" errors="0" timestamp="2020-03-31T12:16:24" hostname="DESKTOP-LR4J8H3" time="0.003">
  <properties/>
  <testcase name="shouldNeedComparable()" classname="org.springframework.util.comparator.ComparableComparatorTests" time="0.001"/>
  <testcase name="comparableComparator()" classname="org.springframework.util.comparator.ComparableComparatorTests" time="0.001"/>
  <system-out><![CDATA[]]></system-out>
  <system-err><![CDATA[]]></system-err>
</testsuite>
