<?xml version="1.0" encoding="UTF-8"?>
<testsuite name="org.springframework.core.annotation.MergedAnnotationsCollectionTests" tests="21" skipped="0" failures="0" errors="0" timestamp="2020-03-31T12:16:07" hostname="DESKTOP-LR4J8H3" time="0.186">
  <properties/>
  <testcase name="getWithPredicateReturnsOnlyMatching()" classname="org.springframework.core.annotation.MergedAnnotationsCollectionTests" time="0.006"/>
  <testcase name="createWhenAnnotationAggregateIndexIsNotZeroThrowsException()" classname="org.springframework.core.annotation.MergedAnnotationsCollectionTests" time="0.142"/>
  <testcase name="isPresentWhenMetaPresentReturnsTrue()" classname="org.springframework.core.annotation.MergedAnnotationsCollectionTests" time="0.002"/>
  <testcase name="getWithSelectorReturnsSelected()" classname="org.springframework.core.annotation.MergedAnnotationsCollectionTests" time="0.001"/>
  <testcase name="getWhenNotPresentReturnsMissing()" classname="org.springframework.core.annotation.MergedAnnotationsCollectionTests" time="0.0"/>
  <testcase name="isDirectlyPresentWhenMetaPresentReturnsFalse()" classname="org.springframework.core.annotation.MergedAnnotationsCollectionTests" time="0.001"/>
  <testcase name="streamStreamsInCorrectOrder()" classname="org.springframework.core.annotation.MergedAnnotationsCollectionTests" time="0.002"/>
  <testcase name="isPresentWhenNotPresentReturnsFalse()" classname="org.springframework.core.annotation.MergedAnnotationsCollectionTests" time="0.001"/>
  <testcase name="createWhenAnnotationIsNotDirectlyPresentThrowsException()" classname="org.springframework.core.annotation.MergedAnnotationsCollectionTests" time="0.001"/>
  <testcase name="getReturnsAppropriateAnnotation()" classname="org.springframework.core.annotation.MergedAnnotationsCollectionTests" time="0.0"/>
  <testcase name="interateIteratesInCorrectOrder()" classname="org.springframework.core.annotation.MergedAnnotationsCollectionTests" time="0.0"/>
  <testcase name="streamWithTypeStreamsInCorrectOrder()" classname="org.springframework.core.annotation.MergedAnnotationsCollectionTests" time="0.001"/>
  <testcase name="isPresentWhenDirectlyPresentReturnsTrue()" classname="org.springframework.core.annotation.MergedAnnotationsCollectionTests" time="0.0"/>
  <testcase name="spliteratorEstimatesSize()" classname="org.springframework.core.annotation.MergedAnnotationsCollectionTests" time="0.005"/>
  <testcase name="isDirectlyPresentWhenDirectlyPresentReturnsTrue()" classname="org.springframework.core.annotation.MergedAnnotationsCollectionTests" time="0.001"/>
  <testcase name="ofWhenEmptyReturnsSharedNoneInstance()" classname="org.springframework.core.annotation.MergedAnnotationsCollectionTests" time="0.001"/>
  <testcase name="isDirectlyPresentWhenNotPresentReturnsFalse()" classname="org.springframework.core.annotation.MergedAnnotationsCollectionTests" time="0.002"/>
  <testcase name="ofWhenDirectAnnotationsIsNullThrowsException()" classname="org.springframework.core.annotation.MergedAnnotationsCollectionTests" time="0.001"/>
  <testcase name="spliteratorIteratesInCorrectOrder()" classname="org.springframework.core.annotation.MergedAnnotationsCollectionTests" time="0.001"/>
  <testcase name="getMetaWhenRootHasNoAttributeValuesShouldAlaisAttributes()" classname="org.springframework.core.annotation.MergedAnnotationsCollectionTests" time="0.002"/>
  <testcase name="getMetaWhenRootHasAttributeValuesShouldAlaisAttributes()" classname="org.springframework.core.annotation.MergedAnnotationsCollectionTests" time="0.001"/>
  <system-out><![CDATA[]]></system-out>
  <system-err><![CDATA[]]></system-err>
</testsuite>
