<?xml version="1.0" encoding="UTF-8"?>
<testsuite name="org.springframework.core.KotlinReflectionParameterNameDiscovererTests" tests="3" skipped="0" failures="0" errors="0" timestamp="2020-03-31T12:16:31" hostname="DESKTOP-LR4J8H3" time="0.033">
  <properties/>
  <testcase name="getParameterNamesOnInterface()" classname="org.springframework.core.KotlinReflectionParameterNameDiscovererTests" time="0.008"/>
  <testcase name="getParameterNamesOnExtensionMethod()" classname="org.springframework.core.KotlinReflectionParameterNameDiscovererTests" time="0.012"/>
  <testcase name="getParameterNamesOnClass()" classname="org.springframework.core.KotlinReflectionParameterNameDiscovererTests" time="0.011"/>
  <system-out><![CDATA[]]></system-out>
  <system-err><![CDATA[]]></system-err>
</testsuite>
