<?xml version="1.0" encoding="UTF-8"?>
<testsuite name="org.springframework.core.codec.ByteArrayDecoderTests" tests="3" skipped="0" failures="0" errors="0" timestamp="2020-03-31T12:16:09" hostname="DESKTOP-LR4J8H3" time="0.59">
  <properties/>
  <testcase name="decodeToMono()" classname="org.springframework.core.codec.ByteArrayDecoderTests" time="0.557"/>
  <testcase name="decode()" classname="org.springframework.core.codec.ByteArrayDecoderTests" time="0.032"/>
  <testcase name="canDecode()" classname="org.springframework.core.codec.ByteArrayDecoderTests" time="0.001"/>
  <system-out><![CDATA[]]></system-out>
  <system-err><![CDATA[]]></system-err>
</testsuite>
