<?xml version="1.0" encoding="UTF-8"?>
<testsuite name="org.springframework.core.codec.ResourceEncoderTests" tests="2" skipped="0" failures="0" errors="0" timestamp="2020-03-31T12:16:10" hostname="DESKTOP-LR4J8H3" time="0.035">
  <properties/>
  <testcase name="encode()" classname="org.springframework.core.codec.ResourceEncoderTests" time="0.034"/>
  <testcase name="canEncode()" classname="org.springframework.core.codec.ResourceEncoderTests" time="0.0"/>
  <system-out><![CDATA[]]></system-out>
  <system-err><![CDATA[]]></system-err>
</testsuite>
