<?xml version="1.0" encoding="UTF-8"?>
<testsuite name="org.springframework.core.SimpleAliasRegistryTests" tests="2" skipped="0" failures="0" errors="0" timestamp="2020-03-31T12:16:22" hostname="DESKTOP-LR4J8H3" time="0.008">
  <properties/>
  <testcase name="testAliasChainingWithMultipleAliases()" classname="org.springframework.core.SimpleAliasRegistryTests" time="0.007"/>
  <testcase name="aliasChaining()" classname="org.springframework.core.SimpleAliasRegistryTests" time="0.001"/>
  <system-out><![CDATA[]]></system-out>
  <system-err><![CDATA[]]></system-err>
</testsuite>
