<?xml version="1.0" encoding="UTF-8"?>
<testsuite name="org.springframework.util.ResourceUtilsTests" tests="3" skipped="0" failures="0" errors="0" timestamp="2020-03-31T12:16:24" hostname="DESKTOP-LR4J8H3" time="0.004">
  <properties/>
  <testcase name="isJarURL()" classname="org.springframework.util.ResourceUtilsTests" time="0.0"/>
  <testcase name="extractJarFileURL()" classname="org.springframework.util.ResourceUtilsTests" time="0.001"/>
  <testcase name="extractArchiveURL()" classname="org.springframework.util.ResourceUtilsTests" time="0.001"/>
  <system-out><![CDATA[]]></system-out>
  <system-err><![CDATA[]]></system-err>
</testsuite>
