<?xml version="1.0" encoding="UTF-8"?>
<testsuite name="org.springframework.core.env.SimpleCommandLineParserTests" tests="11" skipped="0" failures="0" errors="0" timestamp="2020-03-31T12:16:11" hostname="DESKTOP-LR4J8H3" time="0.006">
  <properties/>
  <testcase name="assertNonOptionArgsIsUnmodifiable()" classname="org.springframework.core.env.SimpleCommandLineParserTests" time="0.0"/>
  <testcase name="withSingleOptionAndValue()" classname="org.springframework.core.env.SimpleCommandLineParserTests" time="0.0"/>
  <testcase name="withEmptyOptionValue()" classname="org.springframework.core.env.SimpleCommandLineParserTests" time="0.0"/>
  <testcase name="withEmptyOptionName()" classname="org.springframework.core.env.SimpleCommandLineParserTests" time="0.001"/>
  <testcase name="withEmptyOptionText()" classname="org.springframework.core.env.SimpleCommandLineParserTests" time="0.001"/>
  <testcase name="withSingleOptionAndNoValue()" classname="org.springframework.core.env.SimpleCommandLineParserTests" time="0.0"/>
  <testcase name="withEmptyOptionNameAndEmptyOptionValue()" classname="org.springframework.core.env.SimpleCommandLineParserTests" time="0.0"/>
  <testcase name="withNoOptions()" classname="org.springframework.core.env.SimpleCommandLineParserTests" time="0.0"/>
  <testcase name="withMixOfOptionsHavingValueAndOptionsHavingNoValue()" classname="org.springframework.core.env.SimpleCommandLineParserTests" time="0.001"/>
  <testcase name="assertOptionNamesIsUnmodifiable()" classname="org.springframework.core.env.SimpleCommandLineParserTests" time="0.0"/>
  <testcase name="withNonOptionArguments()" classname="org.springframework.core.env.SimpleCommandLineParserTests" time="0.001"/>
  <system-out><![CDATA[]]></system-out>
  <system-err><![CDATA[]]></system-err>
</testsuite>
