<?xml version="1.0" encoding="UTF-8"?>
<testsuite name="org.springframework.core.style.DefaultValueStylerTests" tests="7" skipped="0" failures="0" errors="0" timestamp="2020-03-31T12:16:22" hostname="DESKTOP-LR4J8H3" time="0.006">
  <properties/>
  <testcase name="styleMapEntries()" classname="org.springframework.core.style.DefaultValueStylerTests" time="0.0"/>
  <testcase name="stylePrimitiveArrays()" classname="org.springframework.core.style.DefaultValueStylerTests" time="0.0"/>
  <testcase name="styleBasics()" classname="org.springframework.core.style.DefaultValueStylerTests" time="0.001"/>
  <testcase name="styleObjectArrays()" classname="org.springframework.core.style.DefaultValueStylerTests" time="0.0"/>
  <testcase name="stylePlainObject()" classname="org.springframework.core.style.DefaultValueStylerTests" time="0.0"/>
  <testcase name="styleCollections()" classname="org.springframework.core.style.DefaultValueStylerTests" time="0.0"/>
  <testcase name="styleMaps()" classname="org.springframework.core.style.DefaultValueStylerTests" time="0.003"/>
  <system-out><![CDATA[]]></system-out>
  <system-err><![CDATA[]]></system-err>
</testsuite>
