<?xml version="1.0" encoding="UTF-8"?>
<testsuite name="org.springframework.util.comparator.InstanceComparatorTests" tests="3" skipped="0" failures="0" errors="0" timestamp="2020-03-31T12:16:24" hostname="DESKTOP-LR4J8H3" time="0.003">
  <properties/>
  <testcase name="shouldCompareClasses()" classname="org.springframework.util.comparator.InstanceComparatorTests" time="0.002"/>
  <testcase name="shouldCompareMix()" classname="org.springframework.util.comparator.InstanceComparatorTests" time="0.001"/>
  <testcase name="shouldCompareInterfaces()" classname="org.springframework.util.comparator.InstanceComparatorTests" time="0.0"/>
  <system-out><![CDATA[]]></system-out>
  <system-err><![CDATA[]]></system-err>
</testsuite>
