<?xml version="1.0" encoding="UTF-8"?>
<testsuite name="org.springframework.tests.AssumeTests" tests="5" skipped="0" failures="0" errors="0" timestamp="2020-03-31T12:16:23" hostname="DESKTOP-LR4J8H3" time="0.017">
  <properties/>
  <testcase name="assumeGroupWithBogusActiveTestGroup()" classname="org.springframework.tests.AssumeTests" time="0.002"/>
  <testcase name="assumeGroupWithNoMatchingActiveTestGroup()" classname="org.springframework.tests.AssumeTests" time="0.002"/>
  <testcase name="assumeGroupWithAllMinusBogusActiveTestGroup()" classname="org.springframework.tests.AssumeTests" time="0.008"/>
  <testcase name="assumeGroupWithNoActiveTestGroups()" classname="org.springframework.tests.AssumeTests" time="0.002"/>
  <testcase name="assumeGroupWithMatchingActiveTestGroup()" classname="org.springframework.tests.AssumeTests" time="0.001"/>
  <system-out><![CDATA[]]></system-out>
  <system-err><![CDATA[]]></system-err>
</testsuite>
