<?xml version="1.0" encoding="UTF-8"?>
<testsuite name="org.springframework.core.style.ToStringCreatorTests" tests="7" skipped="0" failures="0" errors="0" timestamp="2020-03-31T12:16:22" hostname="DESKTOP-LR4J8H3" time="0.012">
  <properties/>
  <testcase name="appendList()" classname="org.springframework.core.style.ToStringCreatorTests" time="0.003"/>
  <testcase name="appendClass()" classname="org.springframework.core.style.ToStringCreatorTests" time="0.001"/>
  <testcase name="primitiveArrays()" classname="org.springframework.core.style.ToStringCreatorTests" time="0.0"/>
  <testcase name="defaultStyleMap()" classname="org.springframework.core.style.ToStringCreatorTests" time="0.002"/>
  <testcase name="defaultStyleArray()" classname="org.springframework.core.style.ToStringCreatorTests" time="0.0"/>
  <testcase name="appendMethod()" classname="org.springframework.core.style.ToStringCreatorTests" time="0.0"/>
  <testcase name="appendSet()" classname="org.springframework.core.style.ToStringCreatorTests" time="0.002"/>
  <system-out><![CDATA[]]></system-out>
  <system-err><![CDATA[]]></system-err>
</testsuite>
