<?xml version="1.0" encoding="UTF-8"?>
<testsuite name="org.springframework.core.codec.StringDecoderTests" tests="10" skipped="0" failures="0" errors="0" timestamp="2020-03-31T12:16:10" hostname="DESKTOP-LR4J8H3" time="0.13">
  <properties/>
  <testcase name="decodeToMono()" classname="org.springframework.core.codec.StringDecoderTests" time="0.004"/>
  <testcase name="decode()" classname="org.springframework.core.codec.StringDecoderTests" time="0.068"/>
  <testcase name="decodeToMonoWithEmptyFlux()" classname="org.springframework.core.codec.StringDecoderTests" time="0.0"/>
  <testcase name="decodeEmptyDataBuffer()" classname="org.springframework.core.codec.StringDecoderTests" time="0.01"/>
  <testcase name="canDecode()" classname="org.springframework.core.codec.StringDecoderTests" time="0.001"/>
  <testcase name="decodeNewLineWithLimit()" classname="org.springframework.core.codec.StringDecoderTests" time="0.006"/>
  <testcase name="decodeNewLineIncludeDelimiters()" classname="org.springframework.core.codec.StringDecoderTests" time="0.014"/>
  <testcase name="decodeNewLine()" classname="org.springframework.core.codec.StringDecoderTests" time="0.011"/>
  <testcase name="decodeEmptyFlux()" classname="org.springframework.core.codec.StringDecoderTests" time="0.001"/>
  <testcase name="decodeMultibyteCharacterUtf16()" classname="org.springframework.core.codec.StringDecoderTests" time="0.009"/>
  <system-out><![CDATA[]]></system-out>
  <system-err><![CDATA[]]></system-err>
</testsuite>
