<?xml version="1.0" encoding="UTF-8"?>
<testsuite name="org.springframework.tests.TestGroupTests" tests="9" skipped="0" failures="0" errors="0" timestamp="2020-03-31T12:16:23" hostname="DESKTOP-LR4J8H3" time="0.028">
  <properties/>
  <testcase name="parseNull()" classname="org.springframework.tests.TestGroupTests" time="0.002"/>
  <testcase name="parseInMixedCase()" classname="org.springframework.tests.TestGroupTests" time="0.001"/>
  <testcase name="parseMissing()" classname="org.springframework.tests.TestGroupTests" time="0.001"/>
  <testcase name="parseAllExceptMissing()" classname="org.springframework.tests.TestGroupTests" time="0.001"/>
  <testcase name="parseEmptyString()" classname="org.springframework.tests.TestGroupTests" time="0.001"/>
  <testcase name="parseAll()" classname="org.springframework.tests.TestGroupTests" time="0.0"/>
  <testcase name="parseWithSpaces()" classname="org.springframework.tests.TestGroupTests" time="0.001"/>
  <testcase name="parseBlankString()" classname="org.springframework.tests.TestGroupTests" time="0.001"/>
  <testcase name="parseAllExceptPerformance()" classname="org.springframework.tests.TestGroupTests" time="0.01"/>
  <system-out><![CDATA[]]></system-out>
  <system-err><![CDATA[]]></system-err>
</testsuite>
