<?xml version="1.0" encoding="UTF-8"?>
<testsuite name="org.springframework.core.ReactiveAdapterRegistryTests" tests="20" skipped="0" failures="0" errors="0" timestamp="2020-03-31T12:16:21" hostname="DESKTOP-LR4J8H3" time="0.416">
  <properties/>
  <testcase name="publisherToRxSingle()" classname="org.springframework.core.ReactiveAdapterRegistryTests" time="0.115"/>
  <testcase name="reactivexFlowableToPublisher()" classname="org.springframework.core.ReactiveAdapterRegistryTests" time="0.01"/>
  <testcase name="publisherToReactivexObservable()" classname="org.springframework.core.ReactiveAdapterRegistryTests" time="0.111"/>
  <testcase name="publisherToReactivexFlowable()" classname="org.springframework.core.ReactiveAdapterRegistryTests" time="0.005"/>
  <testcase name="reactivexObservableToPublisher()" classname="org.springframework.core.ReactiveAdapterRegistryTests" time="0.019"/>
  <testcase name="reactivexSingleToPublisher()" classname="org.springframework.core.ReactiveAdapterRegistryTests" time="0.008"/>
  <testcase name="completableFutureToPublisher()" classname="org.springframework.core.ReactiveAdapterRegistryTests" time="0.002"/>
  <testcase name="publisherToCompletableFuture()" classname="org.springframework.core.ReactiveAdapterRegistryTests" time="0.006"/>
  <testcase name="rxCompletableToPublisher()" classname="org.springframework.core.ReactiveAdapterRegistryTests" time="0.047"/>
  <testcase name="rxSingleToPublisher()" classname="org.springframework.core.ReactiveAdapterRegistryTests" time="0.004"/>
  <testcase name="publisherToRxObservable()" classname="org.springframework.core.ReactiveAdapterRegistryTests" time="0.035"/>
  <testcase name="reactivexCompletableToPublisher()" classname="org.springframework.core.ReactiveAdapterRegistryTests" time="0.002"/>
  <testcase name="rxObservableToPublisher()" classname="org.springframework.core.ReactiveAdapterRegistryTests" time="0.022"/>
  <testcase name="defaultAdapterRegistrations()" classname="org.springframework.core.ReactiveAdapterRegistryTests" time="0.0"/>
  <testcase name="publisherToFlux()" classname="org.springframework.core.ReactiveAdapterRegistryTests" time="0.0"/>
  <testcase name="publisherToMono()" classname="org.springframework.core.ReactiveAdapterRegistryTests" time="0.0"/>
  <testcase name="getAdapterForReactiveSubType()" classname="org.springframework.core.ReactiveAdapterRegistryTests" time="0.003"/>
  <testcase name="publisherToReactivexCompletable()" classname="org.springframework.core.ReactiveAdapterRegistryTests" time="0.016"/>
  <testcase name="publisherToRxCompletable()" classname="org.springframework.core.ReactiveAdapterRegistryTests" time="0.002"/>
  <testcase name="publisherToReactivexSingle()" classname="org.springframework.core.ReactiveAdapterRegistryTests" time="0.003"/>
  <system-out><![CDATA[]]></system-out>
  <system-err><![CDATA[]]></system-err>
</testsuite>
