<?xml version="1.0" encoding="UTF-8"?>
<testsuite name="org.springframework.util.FileSystemUtilsTests" tests="2" skipped="0" failures="0" errors="0" timestamp="2020-03-31T12:16:24" hostname="DESKTOP-LR4J8H3" time="0.076">
  <properties/>
  <testcase name="deleteRecursively()" classname="org.springframework.util.FileSystemUtilsTests" time="0.054"/>
  <testcase name="copyRecursively()" classname="org.springframework.util.FileSystemUtilsTests" time="0.022"/>
  <system-out><![CDATA[]]></system-out>
  <system-err><![CDATA[]]></system-err>
</testsuite>
