<?xml version="1.0" encoding="UTF-8"?>
<testsuite name="org.springframework.util.concurrent.ListenableFutureTaskTests" tests="4" skipped="0" failures="0" errors="0" timestamp="2020-03-31T12:16:24" hostname="DESKTOP-LR4J8H3" time="0.034">
  <properties/>
  <testcase name="success()" classname="org.springframework.util.concurrent.ListenableFutureTaskTests" time="0.006"/>
  <testcase name="failure()" classname="org.springframework.util.concurrent.ListenableFutureTaskTests" time="0.004"/>
  <testcase name="failureWithLambdas()" classname="org.springframework.util.concurrent.ListenableFutureTaskTests" time="0.022"/>
  <testcase name="successWithLambdas()" classname="org.springframework.util.concurrent.ListenableFutureTaskTests" time="0.001"/>
  <system-out><![CDATA[]]></system-out>
  <system-err><![CDATA[]]></system-err>
</testsuite>
