<?xml version="1.0" encoding="UTF-8"?>
<testsuite name="org.springframework.core.io.buffer.PooledDataBufferTests$UnpooledByteBufAllocatorWithPreferDirectTrueTests" tests="2" skipped="0" failures="0" errors="0" timestamp="2020-03-31T12:16:18" hostname="DESKTOP-LR4J8H3" time="0.001">
  <properties/>
  <testcase name="retainAndRelease()" classname="org.springframework.core.io.buffer.PooledDataBufferTests$UnpooledByteBufAllocatorWithPreferDirectTrueTests" time="0.0"/>
  <testcase name="tooManyReleases()" classname="org.springframework.core.io.buffer.PooledDataBufferTests$UnpooledByteBufAllocatorWithPreferDirectTrueTests" time="0.0"/>
  <system-out><![CDATA[]]></system-out>
  <system-err><![CDATA[]]></system-err>
</testsuite>
