<?xml version="1.0" encoding="UTF-8"?>
<testsuite name="org.springframework.core.type.AnnotationTypeFilterTests" tests="6" skipped="0" failures="0" errors="0" timestamp="2020-03-31T12:16:22" hostname="DESKTOP-LR4J8H3" time="0.013">
  <properties/>
  <testcase name="directAnnotationMatch()" classname="org.springframework.core.type.AnnotationTypeFilterTests" time="0.007"/>
  <testcase name="inheritedAnnotationFromInterfaceDoesNotMatch()" classname="org.springframework.core.type.AnnotationTypeFilterTests" time="0.001"/>
  <testcase name="inheritedAnnotationFromBaseClassDoesMatch()" classname="org.springframework.core.type.AnnotationTypeFilterTests" time="0.001"/>
  <testcase name="matchesInterfacesIfConfigured()" classname="org.springframework.core.type.AnnotationTypeFilterTests" time="0.001"/>
  <testcase name="nonAnnotatedClassDoesntMatch()" classname="org.springframework.core.type.AnnotationTypeFilterTests" time="0.0"/>
  <testcase name="nonInheritedAnnotationDoesNotMatch()" classname="org.springframework.core.type.AnnotationTypeFilterTests" time="0.002"/>
  <system-out><![CDATA[]]></system-out>
  <system-err><![CDATA[]]></system-err>
</testsuite>
