<?xml version="1.0" encoding="UTF-8"?>
<testsuite name="org.springframework.util.ExponentialBackOffTests" tests="9" skipped="0" failures="0" errors="0" timestamp="2020-03-31T12:16:24" hostname="DESKTOP-LR4J8H3" time="0.009">
  <properties/>
  <testcase name="maxIntervalReachedImmediately()" classname="org.springframework.util.ExponentialBackOffTests" time="0.006"/>
  <testcase name="defaultInstance()" classname="org.springframework.util.ExponentialBackOffTests" time="0.0"/>
  <testcase name="startReturnDifferentInstances()" classname="org.springframework.util.ExponentialBackOffTests" time="0.0"/>
  <testcase name="invalidInterval()" classname="org.springframework.util.ExponentialBackOffTests" time="0.001"/>
  <testcase name="maxAttemptsReached()" classname="org.springframework.util.ExponentialBackOffTests" time="0.001"/>
  <testcase name="toStringContent()" classname="org.springframework.util.ExponentialBackOffTests" time="0.0"/>
  <testcase name="simpleIncrease()" classname="org.springframework.util.ExponentialBackOffTests" time="0.0"/>
  <testcase name="fixedIncrease()" classname="org.springframework.util.ExponentialBackOffTests" time="0.0"/>
  <testcase name="maxIntervalReached()" classname="org.springframework.util.ExponentialBackOffTests" time="0.0"/>
  <system-out><![CDATA[]]></system-out>
  <system-err><![CDATA[]]></system-err>
</testsuite>
