<?xml version="1.0" encoding="UTF-8"?>
<testsuite name="org.springframework.util.TypeUtilsTests" tests="4" skipped="0" failures="0" errors="0" timestamp="2020-03-31T12:16:25" hostname="DESKTOP-LR4J8H3" time="0.015">
  <properties/>
  <testcase name="withParameterizedTypes()" classname="org.springframework.util.TypeUtilsTests" time="0.013"/>
  <testcase name="withWildcardTypes()" classname="org.springframework.util.TypeUtilsTests" time="0.0"/>
  <testcase name="withGenericArrayTypes()" classname="org.springframework.util.TypeUtilsTests" time="0.001"/>
  <testcase name="withClasses()" classname="org.springframework.util.TypeUtilsTests" time="0.0"/>
  <system-out><![CDATA[]]></system-out>
  <system-err><![CDATA[]]></system-err>
</testsuite>
