<?xml version="1.0" encoding="UTF-8"?>
<testsuite name="org.springframework.core.log.LogSupportTests" tests="6" skipped="0" failures="0" errors="0" timestamp="2020-03-31T12:16:21" hostname="DESKTOP-LR4J8H3" time="0.015">
  <properties/>
  <testcase name="logMessageWithSupplier()" classname="org.springframework.core.log.LogSupportTests" time="0.006"/>
  <testcase name="logMessageWithFormat1()" classname="org.springframework.core.log.LogSupportTests" time="0.001"/>
  <testcase name="logMessageWithFormat2()" classname="org.springframework.core.log.LogSupportTests" time="0.001"/>
  <testcase name="logMessageWithFormat3()" classname="org.springframework.core.log.LogSupportTests" time="0.001"/>
  <testcase name="logMessageWithFormat4()" classname="org.springframework.core.log.LogSupportTests" time="0.002"/>
  <testcase name="logMessageWithFormatX()" classname="org.springframework.core.log.LogSupportTests" time="0.001"/>
  <system-out><![CDATA[]]></system-out>
  <system-err><![CDATA[]]></system-err>
</testsuite>
