<?xml version="1.0" encoding="UTF-8"?>
<testsuite name="org.springframework.core.KotlinReactiveAdapterRegistryTests" tests="4" skipped="0" failures="0" errors="0" timestamp="2020-03-31T12:16:31" hostname="DESKTOP-LR4J8H3" time="0.529">
  <properties/>
  <testcase name="flowToPublisher()" classname="org.springframework.core.KotlinReactiveAdapterRegistryTests" time="0.301"/>
  <testcase name="publisherToDeferred()" classname="org.springframework.core.KotlinReactiveAdapterRegistryTests" time="0.071"/>
  <testcase name="publisherToFlow()" classname="org.springframework.core.KotlinReactiveAdapterRegistryTests" time="0.078"/>
  <testcase name="deferredToPublisher()" classname="org.springframework.core.KotlinReactiveAdapterRegistryTests" time="0.052"/>
  <system-out><![CDATA[]]></system-out>
  <system-err><![CDATA[]]></system-err>
</testsuite>
