<?xml version="1.0" encoding="UTF-8"?>
<testsuite name="org.springframework.core.io.ResourceTests" tests="22" skipped="0" failures="0" errors="0" timestamp="2020-03-31T12:16:18" hostname="DESKTOP-LR4J8H3" time="2.29">
  <properties/>
  <testcase name="readableChannel()" classname="org.springframework.core.io.ResourceTests" time="0.001"/>
  <testcase name="fileSystemResourceWithRelativePath()" classname="org.springframework.core.io.ResourceTests" time="0.0"/>
  <testcase name="classPathResourceWithClassLoader()" classname="org.springframework.core.io.ResourceTests" time="0.006"/>
  <testcase name="classPathResourceWithClass()" classname="org.springframework.core.io.ResourceTests" time="0.009"/>
  <testcase name="fileSystemResourceWithPlainPath()" classname="org.springframework.core.io.ResourceTests" time="0.0"/>
  <testcase name="classPathResource()" classname="org.springframework.core.io.ResourceTests" time="0.009"/>
  <testcase name="urlResourceWithRelativePath()" classname="org.springframework.core.io.ResourceTests" time="0.001"/>
  <testcase name="inputStreamResourceWithDescription()" classname="org.springframework.core.io.ResourceTests" time="0.0"/>
  <testcase name="contentLength()" classname="org.springframework.core.io.ResourceTests" time="0.001"/>
  <testcase name="inputStreamNotFoundOnFileSystemResource()" classname="org.springframework.core.io.ResourceTests" time="0.001"/>
  <testcase name="abstractResourceExceptions()" classname="org.springframework.core.io.ResourceTests" time="0.002"/>
  <testcase name="inputStreamResource()" classname="org.springframework.core.io.ResourceTests" time="0.0"/>
  <testcase name="byteArrayResource()" classname="org.springframework.core.io.ResourceTests" time="0.001"/>
  <testcase name="readableChannelNotFoundOnFileSystemResource()" classname="org.springframework.core.io.ResourceTests" time="0.001"/>
  <testcase name="urlResource()" classname="org.springframework.core.io.ResourceTests" time="0.021"/>
  <testcase name="byteArrayResourceWithDescription()" classname="org.springframework.core.io.ResourceTests" time="0.001"/>
  <testcase name="nonFileResourceExists()" classname="org.springframework.core.io.ResourceTests" time="2.223"/>
  <testcase name="fileSystemResource()" classname="org.springframework.core.io.ResourceTests" time="0.002"/>
  <testcase name="inputStreamNotFoundOnClassPathResource()" classname="org.springframework.core.io.ResourceTests" time="0.0"/>
  <testcase name="classPathResourceWithRelativePath()" classname="org.springframework.core.io.ResourceTests" time="0.0"/>
  <testcase name="readableChannelNotFoundOnClassPathResource()" classname="org.springframework.core.io.ResourceTests" time="0.001"/>
  <testcase name="fileSystemResourceWithFilePath()" classname="org.springframework.core.io.ResourceTests" time="0.003"/>
  <system-out><![CDATA[]]></system-out>
  <system-err><![CDATA[]]></system-err>
</testsuite>
