<?xml version="1.0" encoding="UTF-8"?>
<testsuite name="org.springframework.core.io.ResourceEditorTests" tests="7" skipped="0" failures="0" errors="0" timestamp="2020-03-31T12:16:18" hostname="DESKTOP-LR4J8H3" time="0.006">
  <properties/>
  <testcase name="strictSystemPropertyReplacementWithUnresolvablePlaceholder()" classname="org.springframework.core.io.ResourceEditorTests" time="0.002"/>
  <testcase name="sunnyDay()" classname="org.springframework.core.io.ResourceEditorTests" time="0.001"/>
  <testcase name="ctorWithNullCtorArgs()" classname="org.springframework.core.io.ResourceEditorTests" time="0.0"/>
  <testcase name="systemPropertyReplacement()" classname="org.springframework.core.io.ResourceEditorTests" time="0.001"/>
  <testcase name="systemPropertyReplacementWithUnresolvablePlaceholder()" classname="org.springframework.core.io.ResourceEditorTests" time="0.001"/>
  <testcase name="setAndGetAsTextWithWhitespaceResource()" classname="org.springframework.core.io.ResourceEditorTests" time="0.0"/>
  <testcase name="setAndGetAsTextWithNull()" classname="org.springframework.core.io.ResourceEditorTests" time="0.0"/>
  <system-out><![CDATA[]]></system-out>
  <system-err><![CDATA[]]></system-err>
</testsuite>
