<?xml version="1.0" encoding="UTF-8"?>
<testsuite name="org.springframework.beans.factory.xml.DelegatingEntityResolverTests" tests="3" skipped="0" failures="0" errors="0" timestamp="2020-03-31T12:19:48" hostname="DESKTOP-LR4J8H3" time="0.008">
  <properties/>
  <testcase name="testCtorWhereEntityResolversAreBothNull()" classname="org.springframework.beans.factory.xml.DelegatingEntityResolverTests" time="0.001"/>
  <testcase name="testCtorWhereDtdEntityResolverIsNull()" classname="org.springframework.beans.factory.xml.DelegatingEntityResolverTests" time="0.002"/>
  <testcase name="testCtorWhereSchemaEntityResolverIsNull()" classname="org.springframework.beans.factory.xml.DelegatingEntityResolverTests" time="0.003"/>
  <system-out><![CDATA[]]></system-out>
  <system-err><![CDATA[]]></system-err>
</testsuite>
