<?xml version="1.0" encoding="UTF-8"?>
<testsuite name="org.springframework.beans.factory.parsing.PropertyEntryTests" tests="3" skipped="0" failures="0" errors="0" timestamp="2020-03-31T12:19:47" hostname="DESKTOP-LR4J8H3" time="0.006">
  <properties/>
  <testcase name="testCtorBailsOnEmptyPropertyNameArgument()" classname="org.springframework.beans.factory.parsing.PropertyEntryTests" time="0.001"/>
  <testcase name="testCtorBailsOnWhitespacedPropertyNameArgument()" classname="org.springframework.beans.factory.parsing.PropertyEntryTests" time="0.003"/>
  <testcase name="testCtorBailsOnNullPropertyNameArgument()" classname="org.springframework.beans.factory.parsing.PropertyEntryTests" time="0.0"/>
  <system-out><![CDATA[]]></system-out>
  <system-err><![CDATA[]]></system-err>
</testsuite>
