<?xml version="1.0" encoding="UTF-8"?>
<testsuite name="org.springframework.beans.factory.xml.SchemaValidationTests" tests="3" skipped="0" failures="0" errors="0" timestamp="2020-03-31T12:19:49" hostname="DESKTOP-LR4J8H3" time="0.153">
  <properties/>
  <testcase name="withAutodetection()" classname="org.springframework.beans.factory.xml.SchemaValidationTests" time="0.125"/>
  <testcase name="loadDefinitions()" classname="org.springframework.beans.factory.xml.SchemaValidationTests" time="0.015"/>
  <testcase name="withExplicitValidationMode()" classname="org.springframework.beans.factory.xml.SchemaValidationTests" time="0.012"/>
  <system-out><![CDATA[]]></system-out>
  <system-err><![CDATA[]]></system-err>
</testsuite>
