<?xml version="1.0" encoding="UTF-8"?>
<testsuite name="org.springframework.beans.factory.xml.DefaultLifecycleMethodsTests" tests="6" skipped="0" failures="0" errors="0" timestamp="2020-03-31T12:19:48" hostname="DESKTOP-LR4J8H3" time="0.045">
  <properties/>
  <testcase name="childWithLifecycleMethodsDisabled()" classname="org.springframework.beans.factory.xml.DefaultLifecycleMethodsTests" time="0.01"/>
  <testcase name="lifecycleMethodsDisabled()" classname="org.springframework.beans.factory.xml.DefaultLifecycleMethodsTests" time="0.004"/>
  <testcase name="overrideDefaultLifecycleMethods()" classname="org.springframework.beans.factory.xml.DefaultLifecycleMethodsTests" time="0.006"/>
  <testcase name="childWithDefaultLifecycleMethods()" classname="org.springframework.beans.factory.xml.DefaultLifecycleMethodsTests" time="0.005"/>
  <testcase name="ignoreDefaultLifecycleMethods()" classname="org.springframework.beans.factory.xml.DefaultLifecycleMethodsTests" time="0.012"/>
  <testcase name="lifecycleMethodsInvoked()" classname="org.springframework.beans.factory.xml.DefaultLifecycleMethodsTests" time="0.004"/>
  <system-out><![CDATA[]]></system-out>
  <system-err><![CDATA[]]></system-err>
</testsuite>
