<?xml version="1.0" encoding="UTF-8"?>
<testsuite name="org.springframework.beans.ExtendedBeanInfoFactoryTests" tests="6" skipped="0" failures="0" errors="0" timestamp="2020-03-31T12:19:42" hostname="DESKTOP-LR4J8H3" time="0.013">
  <properties/>
  <testcase name="shouldNotSupportClassHavingNonPublicNonVoidReturningIndexedSetter()" classname="org.springframework.beans.ExtendedBeanInfoFactoryTests" time="0.002"/>
  <testcase name="shouldSupportClassHavingNonVoidReturningIndexedSetter()" classname="org.springframework.beans.ExtendedBeanInfoFactoryTests" time="0.002"/>
  <testcase name="shouldNotSupportClassHavingNonVoidReturningMethodNamedSet()" classname="org.springframework.beans.ExtendedBeanInfoFactoryTests" time="0.001"/>
  <testcase name="shouldSupportClassHavingNonVoidReturningSetter()" classname="org.springframework.beans.ExtendedBeanInfoFactoryTests" time="0.003"/>
  <testcase name="shouldNotSupportClassHavingNonVoidReturningParameterlessSetter()" classname="org.springframework.beans.ExtendedBeanInfoFactoryTests" time="0.001"/>
  <testcase name="shouldNotSupportClassHavingOnlyVoidReturningSetter()" classname="org.springframework.beans.ExtendedBeanInfoFactoryTests" time="0.001"/>
  <system-out><![CDATA[]]></system-out>
  <system-err><![CDATA[]]></system-err>
</testsuite>
