<?xml version="1.0" encoding="UTF-8"?>
<testsuite name="org.springframework.beans.support.PropertyComparatorTests" tests="4" skipped="0" failures="0" errors="0" timestamp="2020-03-31T12:19:52" hostname="DESKTOP-LR4J8H3" time="0.013">
  <properties/>
  <testcase name="testPropertyComparatorNulls()" classname="org.springframework.beans.support.PropertyComparatorTests" time="0.01"/>
  <testcase name="testChainedComparatorsReversed()" classname="org.springframework.beans.support.PropertyComparatorTests" time="0.0"/>
  <testcase name="testPropertyComparator()" classname="org.springframework.beans.support.PropertyComparatorTests" time="0.0"/>
  <testcase name="testChainedComparators()" classname="org.springframework.beans.support.PropertyComparatorTests" time="0.001"/>
  <system-out><![CDATA[]]></system-out>
  <system-err><![CDATA[]]></system-err>
</testsuite>
