<?xml version="1.0" encoding="UTF-8"?>
<testsuite name="org.springframework.beans.propertyeditors.FileEditorTests" tests="6" skipped="0" failures="0" errors="0" timestamp="2020-03-31T12:19:51" hostname="DESKTOP-LR4J8H3" time="0.018">
  <properties/>
  <testcase name="testAbsoluteFileName()" classname="org.springframework.beans.propertyeditors.FileEditorTests" time="0.004"/>
  <testcase name="testUnqualifiedFileNameFound()" classname="org.springframework.beans.propertyeditors.FileEditorTests" time="0.001"/>
  <testcase name="testClasspathFileName()" classname="org.springframework.beans.propertyeditors.FileEditorTests" time="0.001"/>
  <testcase name="testWithNonExistentResource()" classname="org.springframework.beans.propertyeditors.FileEditorTests" time="0.002"/>
  <testcase name="testUnqualifiedFileNameNotFound()" classname="org.springframework.beans.propertyeditors.FileEditorTests" time="0.007"/>
  <testcase name="testWithNonExistentFile()" classname="org.springframework.beans.propertyeditors.FileEditorTests" time="0.001"/>
  <system-out><![CDATA[]]></system-out>
  <system-err><![CDATA[]]></system-err>
</testsuite>
