<?xml version="1.0" encoding="UTF-8"?>
<testsuite name="org.springframework.beans.factory.config.PropertyPathFactoryBeanTests" tests="6" skipped="0" failures="0" errors="0" timestamp="2020-03-31T12:19:46" hostname="DESKTOP-LR4J8H3" time="0.063">
  <properties/>
  <testcase name="testPropertyPathFactoryBeanWithSingletonResult()" classname="org.springframework.beans.factory.config.PropertyPathFactoryBeanTests" time="0.015"/>
  <testcase name="testPropertyPathFactoryBeanAsInnerBean()" classname="org.springframework.beans.factory.config.PropertyPathFactoryBeanTests" time="0.009"/>
  <testcase name="testPropertyPathFactoryBeanAsInnerNull()" classname="org.springframework.beans.factory.config.PropertyPathFactoryBeanTests" time="0.007"/>
  <testcase name="testPropertyPathFactoryBeanWithNullResult()" classname="org.springframework.beans.factory.config.PropertyPathFactoryBeanTests" time="0.01"/>
  <testcase name="testPropertyPathFactoryBeanWithPrototypeResult()" classname="org.springframework.beans.factory.config.PropertyPathFactoryBeanTests" time="0.009"/>
  <testcase name="testPropertyPathFactoryBeanAsNullReference()" classname="org.springframework.beans.factory.config.PropertyPathFactoryBeanTests" time="0.005"/>
  <system-out><![CDATA[]]></system-out>
  <system-err><![CDATA[]]></system-err>
</testsuite>
