<?xml version="1.0" encoding="UTF-8"?>
<testsuite name="org.springframework.beans.support.PagedListHolderTests" tests="1" skipped="0" failures="0" errors="0" timestamp="2020-03-31T12:19:52" hostname="DESKTOP-LR4J8H3" time="0.011">
  <properties/>
  <testcase name="testPagedListHolder()" classname="org.springframework.beans.support.PagedListHolderTests" time="0.011"/>
  <system-out><![CDATA[]]></system-out>
  <system-err><![CDATA[]]></system-err>
</testsuite>
