<?xml version="1.0" encoding="UTF-8"?>
<testsuite name="org.springframework.beans.propertyeditors.CharArrayPropertyEditorTests" tests="2" skipped="0" failures="0" errors="0" timestamp="2020-03-31T12:19:51" hostname="DESKTOP-LR4J8H3" time="0.009">
  <properties/>
  <testcase name="getAsTextReturnsEmptyStringIfValueIsNull()" classname="org.springframework.beans.propertyeditors.CharArrayPropertyEditorTests" time="0.001"/>
  <testcase name="sunnyDaySetAsText()" classname="org.springframework.beans.propertyeditors.CharArrayPropertyEditorTests" time="0.008"/>
  <system-out><![CDATA[]]></system-out>
  <system-err><![CDATA[]]></system-err>
</testsuite>
