<?xml version="1.0" encoding="UTF-8"?>
<testsuite name="org.springframework.beans.factory.xml.NestedBeansElementAttributeRecursionTests" tests="7" skipped="0" failures="0" errors="0" timestamp="2020-03-31T12:19:49" hostname="DESKTOP-LR4J8H3" time="0.068">
  <properties/>
  <testcase name="defaultMerge()" classname="org.springframework.beans.factory.xml.NestedBeansElementAttributeRecursionTests" time="0.013"/>
  <testcase name="defaultAutowireCandidatesWithNonValidatingParser()" classname="org.springframework.beans.factory.xml.NestedBeansElementAttributeRecursionTests" time="0.006"/>
  <testcase name="initMethod()" classname="org.springframework.beans.factory.xml.NestedBeansElementAttributeRecursionTests" time="0.014"/>
  <testcase name="defaultMergeWithNonValidatingParser()" classname="org.springframework.beans.factory.xml.NestedBeansElementAttributeRecursionTests" time="0.006"/>
  <testcase name="defaultLazyInit()" classname="org.springframework.beans.factory.xml.NestedBeansElementAttributeRecursionTests" time="0.01"/>
  <testcase name="defaultAutowireCandidates()" classname="org.springframework.beans.factory.xml.NestedBeansElementAttributeRecursionTests" time="0.012"/>
  <testcase name="defaultLazyInitWithNonValidatingParser()" classname="org.springframework.beans.factory.xml.NestedBeansElementAttributeRecursionTests" time="0.004"/>
  <system-out><![CDATA[]]></system-out>
  <system-err><![CDATA[]]></system-err>
</testsuite>
