<?xml version="1.0" encoding="UTF-8"?>
<testsuite name="org.springframework.beans.factory.config.ObjectFactoryCreatingFactoryBeanTests" tests="9" skipped="0" failures="0" errors="0" timestamp="2020-03-31T12:19:46" hostname="DESKTOP-LR4J8H3" time="0.134">
  <properties/>
  <testcase name="testWhenTargetBeanNameIsEmptyString()" classname="org.springframework.beans.factory.config.ObjectFactoryCreatingFactoryBeanTests" time="0.007"/>
  <testcase name="testWhenTargetBeanNameIsNull()" classname="org.springframework.beans.factory.config.ObjectFactoryCreatingFactoryBeanTests" time="0.005"/>
  <testcase name="testFactoryOperation()" classname="org.springframework.beans.factory.config.ObjectFactoryCreatingFactoryBeanTests" time="0.022"/>
  <testcase name="testProviderSerialization()" classname="org.springframework.beans.factory.config.ObjectFactoryCreatingFactoryBeanTests" time="0.018"/>
  <testcase name="testDoesNotComplainWhenTargetBeanNameRefersToSingleton()" classname="org.springframework.beans.factory.config.ObjectFactoryCreatingFactoryBeanTests" time="0.054"/>
  <testcase name="testWhenTargetBeanNameIsWhitespacedString()" classname="org.springframework.beans.factory.config.ObjectFactoryCreatingFactoryBeanTests" time="0.007"/>
  <testcase name="testFactorySerialization()" classname="org.springframework.beans.factory.config.ObjectFactoryCreatingFactoryBeanTests" time="0.007"/>
  <testcase name="testEnsureOFBFBReportsThatItActuallyCreatesObjectFactoryInstances()" classname="org.springframework.beans.factory.config.ObjectFactoryCreatingFactoryBeanTests" time="0.006"/>
  <testcase name="testProviderOperation()" classname="org.springframework.beans.factory.config.ObjectFactoryCreatingFactoryBeanTests" time="0.007"/>
  <system-out><![CDATA[]]></system-out>
  <system-err><![CDATA[]]></system-err>
</testsuite>
