<?xml version="1.0" encoding="UTF-8"?>
<testsuite name="org.springframework.beans.factory.FactoryBeanLookupTests" tests="5" skipped="0" failures="0" errors="0" timestamp="2020-03-31T12:19:47" hostname="DESKTOP-LR4J8H3" time="0.054">
  <properties/>
  <testcase name="factoryBeanLookupByNameDereferencing()" classname="org.springframework.beans.factory.FactoryBeanLookupTests" time="0.012"/>
  <testcase name="factoryBeanLookupByType()" classname="org.springframework.beans.factory.FactoryBeanLookupTests" time="0.01"/>
  <testcase name="factoryBeanObjectLookupByName()" classname="org.springframework.beans.factory.FactoryBeanLookupTests" time="0.009"/>
  <testcase name="factoryBeanObjectLookupByNameAndType()" classname="org.springframework.beans.factory.FactoryBeanLookupTests" time="0.01"/>
  <testcase name="factoryBeanLookupByTypeAndNameDereference()" classname="org.springframework.beans.factory.FactoryBeanLookupTests" time="0.011"/>
  <system-out><![CDATA[]]></system-out>
  <system-err><![CDATA[]]></system-err>
</testsuite>
