<?xml version="1.0" encoding="UTF-8"?>
<testsuite name="org.springframework.beans.factory.xml.DuplicateBeanIdTests" tests="2" skipped="0" failures="0" errors="0" timestamp="2020-03-31T12:19:48" hostname="DESKTOP-LR4J8H3" time="0.02">
  <properties/>
  <testcase name="duplicateBeanIdsAcrossNestingLevels()" classname="org.springframework.beans.factory.xml.DuplicateBeanIdTests" time="0.008"/>
  <testcase name="duplicateBeanIdsWithinSameNestingLevelRaisesError()" classname="org.springframework.beans.factory.xml.DuplicateBeanIdTests" time="0.011"/>
  <system-out><![CDATA[]]></system-out>
  <system-err><![CDATA[]]></system-err>
</testsuite>
