<?xml version="1.0" encoding="UTF-8"?>
<testsuite name="org.springframework.beans.MutablePropertyValuesTests" tests="8" skipped="0" failures="0" errors="0" timestamp="2020-03-31T12:19:51" hostname="DESKTOP-LR4J8H3" time="0.011">
  <properties/>
  <testcase name="testAddOrOverride()" classname="org.springframework.beans.MutablePropertyValuesTests" time="0.001"/>
  <testcase name="streamContainsPropertyValue()" classname="org.springframework.beans.MutablePropertyValuesTests" time="0.005"/>
  <testcase name="testValid()" classname="org.springframework.beans.MutablePropertyValuesTests" time="0.0"/>
  <testcase name="iteratorIsEmptyForEmptyValues()" classname="org.springframework.beans.MutablePropertyValuesTests" time="0.0"/>
  <testcase name="iteratorContainsPropertyValue()" classname="org.springframework.beans.MutablePropertyValuesTests" time="0.001"/>
  <testcase name="streamIsEmptyForEmptyValues()" classname="org.springframework.beans.MutablePropertyValuesTests" time="0.001"/>
  <testcase name="testChangesOnEquals()" classname="org.springframework.beans.MutablePropertyValuesTests" time="0.0"/>
  <testcase name="testChangeOfOneField()" classname="org.springframework.beans.MutablePropertyValuesTests" time="0.0"/>
  <system-out><![CDATA[]]></system-out>
  <system-err><![CDATA[]]></system-err>
</testsuite>
