<?xml version="1.0" encoding="UTF-8"?>
<testsuite name="org.springframework.expression.spel.ConstructorInvocationTests" tests="8" skipped="1" failures="0" errors="0" timestamp="2020-03-31T12:21:04" hostname="DESKTOP-LR4J8H3" time="0.092">
  <properties/>
  <testcase name="testAddingConstructorResolvers()" classname="org.springframework.expression.spel.ConstructorInvocationTests" time="0.001"/>
  <testcase name="testArgumentConversion01()" classname="org.springframework.expression.spel.ConstructorInvocationTests" time="0.002">
    <skipped/>
  </testcase>
  <testcase name="testConstructorThrowingException_SPR6760()" classname="org.springframework.expression.spel.ConstructorInvocationTests" time="0.016"/>
  <testcase name="testTypeConstructors()" classname="org.springframework.expression.spel.ConstructorInvocationTests" time="0.003"/>
  <testcase name="testNonExistentType()" classname="org.springframework.expression.spel.ConstructorInvocationTests" time="0.003"/>
  <testcase name="testVarargsInvocation01()" classname="org.springframework.expression.spel.ConstructorInvocationTests" time="0.05"/>
  <testcase name="testVarargsInvocation02()" classname="org.springframework.expression.spel.ConstructorInvocationTests" time="0.004"/>
  <testcase name="testWidening01()" classname="org.springframework.expression.spel.ConstructorInvocationTests" time="0.002"/>
  <system-out><![CDATA[]]></system-out>
  <system-err><![CDATA[]]></system-err>
</testsuite>
