<?xml version="1.0" encoding="UTF-8"?>
<testsuite name="org.springframework.expression.spel.LiteralExpressionTests" tests="3" skipped="0" failures="0" errors="0" timestamp="2020-03-31T12:21:05" hostname="DESKTOP-LR4J8H3" time="0.006">
  <properties/>
  <testcase name="testGetValue()" classname="org.springframework.expression.spel.LiteralExpressionTests" time="0.003"/>
  <testcase name="testGetValueType()" classname="org.springframework.expression.spel.LiteralExpressionTests" time="0.001"/>
  <testcase name="testSetValue()" classname="org.springframework.expression.spel.LiteralExpressionTests" time="0.002"/>
  <system-out><![CDATA[]]></system-out>
  <system-err><![CDATA[]]></system-err>
</testsuite>
