<?xml version="1.0" encoding="UTF-8"?>
<testsuite name="org.springframework.expression.spel.KotlinSpelReproTests" tests="1" skipped="0" failures="0" errors="0" timestamp="2020-03-31T12:21:07" hostname="DESKTOP-LR4J8H3" time="0.789">
  <properties/>
  <testcase name="gh-23812 SpEL cannot invoke Kotlin synthetic classes()" classname="org.springframework.expression.spel.KotlinSpelReproTests" time="0.789"/>
  <system-out><![CDATA[]]></system-out>
  <system-err><![CDATA[]]></system-err>
</testsuite>
