<?xml version="1.0" encoding="UTF-8"?>
<testsuite name="org.springframework.aop.interceptor.JamonPerformanceMonitorInterceptorTests" tests="2" skipped="0" failures="0" errors="0" timestamp="2020-03-31T12:48:34" hostname="DESKTOP-LR4J8H3" time="0.142">
  <properties/>
  <testcase name="testInvokeUnderTraceWithNormalProcessing()" classname="org.springframework.aop.interceptor.JamonPerformanceMonitorInterceptorTests" time="0.13"/>
  <testcase name="testInvokeUnderTraceWithExceptionTracking()" classname="org.springframework.aop.interceptor.JamonPerformanceMonitorInterceptorTests" time="0.011"/>
  <system-out><![CDATA[]]></system-out>
  <system-err><![CDATA[]]></system-err>
</testsuite>
