<?xml version="1.0" encoding="UTF-8"?>
<testsuite name="org.springframework.aop.support.NameMatchMethodPointcutTests" tests="6" skipped="0" failures="0" errors="0" timestamp="2020-03-31T12:48:35" hostname="DESKTOP-LR4J8H3" time="0.013">
  <properties/>
  <testcase name="testMatchingOnly()" classname="org.springframework.aop.support.NameMatchMethodPointcutTests" time="0.004"/>
  <testcase name="testEmpty()" classname="org.springframework.aop.support.NameMatchMethodPointcutTests" time="0.001"/>
  <testcase name="testSets()" classname="org.springframework.aop.support.NameMatchMethodPointcutTests" time="0.001"/>
  <testcase name="testEqualsAndHashCode()" classname="org.springframework.aop.support.NameMatchMethodPointcutTests" time="0.001"/>
  <testcase name="testMatchOneMethod()" classname="org.springframework.aop.support.NameMatchMethodPointcutTests" time="0.001"/>
  <testcase name="testSerializable()" classname="org.springframework.aop.support.NameMatchMethodPointcutTests" time="0.005"/>
  <system-out><![CDATA[]]></system-out>
  <system-err><![CDATA[]]></system-err>
</testsuite>
