<?xml version="1.0" encoding="UTF-8"?>
<testsuite name="org.springframework.aop.framework.IntroductionBenchmarkTests" tests="1" skipped="0" failures="0" errors="0" timestamp="2020-03-31T12:48:34" hostname="DESKTOP-LR4J8H3" time="0.185">
  <properties/>
  <testcase name="timeManyInvocations()" classname="org.springframework.aop.framework.IntroductionBenchmarkTests" time="0.185"/>
  <system-out><![CDATA[StopWatch '': running time = 175006600 ns
---------------------------------------------
ns         %     Task name
---------------------------------------------
097743700  056%  100000 invocations on proxy, not hitting introduction
076363400  044%  100000 invocations on proxy, hitting introduction
000899500  001%  100000 invocations on target

]]></system-out>
  <system-err><![CDATA[]]></system-err>
</testsuite>
