<?xml version="1.0" encoding="UTF-8"?>
<testsuite name="org.springframework.aop.aspectj.BeanNamePointcutMatchingTests" tests="2" skipped="0" failures="0" errors="0" timestamp="2020-03-31T12:48:29" hostname="DESKTOP-LR4J8H3" time="0.038">
  <properties/>
  <testcase name="testNonMatchingPointcuts()" classname="org.springframework.aop.aspectj.BeanNamePointcutMatchingTests" time="0.023"/>
  <testcase name="testMatchingPointcuts()" classname="org.springframework.aop.aspectj.BeanNamePointcutMatchingTests" time="0.011"/>
  <system-out><![CDATA[]]></system-out>
  <system-err><![CDATA[]]></system-err>
</testsuite>
