<?xml version="1.0" encoding="UTF-8"?>
<testsuite name="org.springframework.aop.framework.NullPrimitiveTests" tests="2" skipped="0" failures="0" errors="0" timestamp="2020-03-31T12:48:34" hostname="DESKTOP-LR4J8H3" time="0.018">
  <properties/>
  <testcase name="testNullPrimitiveWithCglibProxy()" classname="org.springframework.aop.framework.NullPrimitiveTests" time="0.011"/>
  <testcase name="testNullPrimitiveWithJdkProxy()" classname="org.springframework.aop.framework.NullPrimitiveTests" time="0.005"/>
  <system-out><![CDATA[]]></system-out>
  <system-err><![CDATA[]]></system-err>
</testsuite>
