<?xml version="1.0" encoding="UTF-8"?>
<testsuite name="org.springframework.aop.framework.ProxyFactoryTests" tests="14" skipped="1" failures="0" errors="0" timestamp="2020-03-31T12:48:34" hostname="DESKTOP-LR4J8H3" time="0.152">
  <properties/>
  <testcase name="testReplaceAdvisor()" classname="org.springframework.aop.framework.ProxyFactoryTests" time="0.001"/>
  <testcase name="testProxyTargetClassWithInterfaceAsTarget()" classname="org.springframework.aop.framework.ProxyFactoryTests" time="0.005"/>
  <testcase name="testExclusionOfNonPublicInterfaces()" classname="org.springframework.aop.framework.ProxyFactoryTests" time="0.001">
    <skipped/>
  </testcase>
  <testcase name="testInterceptorInclusionMethods()" classname="org.springframework.aop.framework.ProxyFactoryTests" time="0.001"/>
  <testcase name="testCanAddAndRemoveAspectInterfacesOnSingleton()" classname="org.springframework.aop.framework.ProxyFactoryTests" time="0.007"/>
  <testcase name="testRemoveAdvisorByReference()" classname="org.springframework.aop.framework.ProxyFactoryTests" time="0.001"/>
  <testcase name="testInterceptorWithoutJoinpoint()" classname="org.springframework.aop.framework.ProxyFactoryTests" time="0.001"/>
  <testcase name="testGetsAllInterfaces()" classname="org.springframework.aop.framework.ProxyFactoryTests" time="0.095"/>
  <testcase name="testIndexOfMethods()" classname="org.springframework.aop.framework.ProxyFactoryTests" time="0.0"/>
  <testcase name="testRemoveAdvisorByIndex()" classname="org.springframework.aop.framework.ProxyFactoryTests" time="0.001"/>
  <testcase name="testProxyTargetClassWithConcreteClassAsTarget()" classname="org.springframework.aop.framework.ProxyFactoryTests" time="0.021"/>
  <testcase name="testInterfaceProxiesCanBeOrderedThroughAnnotations()" classname="org.springframework.aop.framework.ProxyFactoryTests" time="0.005"/>
  <testcase name="testTargetClassProxiesCanBeOrderedThroughAnnotations()" classname="org.springframework.aop.framework.ProxyFactoryTests" time="0.008"/>
  <testcase name="testAddRepeatedInterface()" classname="org.springframework.aop.framework.ProxyFactoryTests" time="0.002"/>
  <system-out><![CDATA[]]></system-out>
  <system-err><![CDATA[]]></system-err>
</testsuite>
