<?xml version="1.0" encoding="UTF-8"?>
<testsuite name="org.springframework.aop.interceptor.SimpleTraceInterceptorTests" tests="2" skipped="0" failures="0" errors="0" timestamp="2020-03-31T12:48:35" hostname="DESKTOP-LR4J8H3" time="0.006">
  <properties/>
  <testcase name="testExceptionPathStillLogsCorrectly()" classname="org.springframework.aop.interceptor.SimpleTraceInterceptorTests" time="0.004"/>
  <testcase name="testSunnyDayPathLogsCorrectly()" classname="org.springframework.aop.interceptor.SimpleTraceInterceptorTests" time="0.002"/>
  <system-out><![CDATA[]]></system-out>
  <system-err><![CDATA[]]></system-err>
</testsuite>
