<?xml version="1.0" encoding="UTF-8"?>
<testsuite name="org.springframework.aop.target.dynamic.RefreshableTargetSourceTests" tests="4" skipped="1" failures="0" errors="0" timestamp="2020-03-31T12:48:35" hostname="DESKTOP-LR4J8H3" time="0.107">
  <properties/>
  <testcase name="testRefreshCheckWithNonRefresh()" classname="org.springframework.aop.target.dynamic.RefreshableTargetSourceTests" time="0.002"/>
  <testcase name="testWithNoRefreshCheck()" classname="org.springframework.aop.target.dynamic.RefreshableTargetSourceTests" time="0.001"/>
  <testcase name="testRefreshOverTime()" classname="org.springframework.aop.target.dynamic.RefreshableTargetSourceTests" time="0.0">
    <skipped/>
  </testcase>
  <testcase name="testRefreshCheckWithRefresh()" classname="org.springframework.aop.target.dynamic.RefreshableTargetSourceTests" time="0.101"/>
  <system-out><![CDATA[]]></system-out>
  <system-err><![CDATA[]]></system-err>
</testsuite>
