<?xml version="1.0" encoding="UTF-8"?>
<testsuite name="org.springframework.aop.support.ClassFiltersTests" tests="2" skipped="0" failures="0" errors="0" timestamp="2020-03-31T12:48:35" hostname="DESKTOP-LR4J8H3" time="0.002">
  <properties/>
  <testcase name="union()" classname="org.springframework.aop.support.ClassFiltersTests" time="0.001"/>
  <testcase name="intersection()" classname="org.springframework.aop.support.ClassFiltersTests" time="0.0"/>
  <system-out><![CDATA[]]></system-out>
  <system-err><![CDATA[]]></system-err>
</testsuite>
