<?xml version="1.0" encoding="UTF-8"?>
<testsuite name="org.springframework.aop.aspectj.autoproxy.AspectJPrecedenceComparatorTests" tests="9" skipped="0" failures="0" errors="0" timestamp="2020-03-31T12:48:29" hostname="DESKTOP-LR4J8H3" time="0.022">
  <properties/>
  <testcase name="testSameAspectOneOfEach()" classname="org.springframework.aop.aspectj.autoproxy.AspectJPrecedenceComparatorTests" time="0.009"/>
  <testcase name="testHigherAdvisorPrecedenceAfterAdvice()" classname="org.springframework.aop.aspectj.autoproxy.AspectJPrecedenceComparatorTests" time="0.001"/>
  <testcase name="testLowerAdvisorPrecedenceAfterAdvice()" classname="org.springframework.aop.aspectj.autoproxy.AspectJPrecedenceComparatorTests" time="0.001"/>
  <testcase name="testHigherAdvisorPrecedenceNoAfterAdvice()" classname="org.springframework.aop.aspectj.autoproxy.AspectJPrecedenceComparatorTests" time="0.004"/>
  <testcase name="testSameAdvisorPrecedenceDifferentAspectNoAfterAdvice()" classname="org.springframework.aop.aspectj.autoproxy.AspectJPrecedenceComparatorTests" time="0.001"/>
  <testcase name="testSameAspectAfterAdvice()" classname="org.springframework.aop.aspectj.autoproxy.AspectJPrecedenceComparatorTests" time="0.001"/>
  <testcase name="testSameAdvisorPrecedenceDifferentAspectAfterAdvice()" classname="org.springframework.aop.aspectj.autoproxy.AspectJPrecedenceComparatorTests" time="0.001"/>
  <testcase name="testLowerAdvisorPrecedenceNoAfterAdvice()" classname="org.springframework.aop.aspectj.autoproxy.AspectJPrecedenceComparatorTests" time="0.001"/>
  <testcase name="testSameAspectNoAfterAdvice()" classname="org.springframework.aop.aspectj.autoproxy.AspectJPrecedenceComparatorTests" time="0.0"/>
  <system-out><![CDATA[]]></system-out>
  <system-err><![CDATA[]]></system-err>
</testsuite>
