<?xml version="1.0" encoding="UTF-8"?>
<testsuite name="org.springframework.aop.interceptor.PerformanceMonitorInterceptorTests" tests="3" skipped="0" failures="0" errors="0" timestamp="2020-03-31T12:48:35" hostname="DESKTOP-LR4J8H3" time="0.006">
  <properties/>
  <testcase name="testExceptionPathStillLogsPerformanceMetricsCorrectly()" classname="org.springframework.aop.interceptor.PerformanceMonitorInterceptorTests" time="0.003"/>
  <testcase name="testSuffixAndPrefixAssignment()" classname="org.springframework.aop.interceptor.PerformanceMonitorInterceptorTests" time="0.0"/>
  <testcase name="testSunnyDayPathLogsPerformanceMetricsCorrectly()" classname="org.springframework.aop.interceptor.PerformanceMonitorInterceptorTests" time="0.002"/>
  <system-out><![CDATA[]]></system-out>
  <system-err><![CDATA[]]></system-err>
</testsuite>
