<?xml version="1.0" encoding="UTF-8"?>
<testsuite name="org.springframework.aop.aspectj.TypePatternClassFilterTests" tests="9" skipped="0" failures="0" errors="0" timestamp="2020-03-31T12:48:30" hostname="DESKTOP-LR4J8H3" time="0.026">
  <properties/>
  <testcase name="andOrNotReplacement()" classname="org.springframework.aop.aspectj.TypePatternClassFilterTests" time="0.005"/>
  <testcase name="invalidPattern()" classname="org.springframework.aop.aspectj.TypePatternClassFilterTests" time="0.001"/>
  <testcase name="testToString()" classname="org.springframework.aop.aspectj.TypePatternClassFilterTests" time="0.001"/>
  <testcase name="subclassMatching()" classname="org.springframework.aop.aspectj.TypePatternClassFilterTests" time="0.006"/>
  <testcase name="testHashCode()" classname="org.springframework.aop.aspectj.TypePatternClassFilterTests" time="0.007"/>
  <testcase name="nullPattern()" classname="org.springframework.aop.aspectj.TypePatternClassFilterTests" time="0.001"/>
  <testcase name="invocationOfMatchesMethodBlowsUpWhenNoTypePatternHasBeenSet()" classname="org.springframework.aop.aspectj.TypePatternClassFilterTests" time="0.001"/>
  <testcase name="testEquals()" classname="org.springframework.aop.aspectj.TypePatternClassFilterTests" time="0.001"/>
  <testcase name="validPatternMatching()" classname="org.springframework.aop.aspectj.TypePatternClassFilterTests" time="0.001"/>
  <system-out><![CDATA[]]></system-out>
  <system-err><![CDATA[]]></system-err>
</testsuite>
