<?xml version="1.0" encoding="UTF-8"?>
<testsuite name="org.springframework.aop.support.PointcutsTests" tests="7" skipped="0" failures="0" errors="0" timestamp="2020-03-31T12:48:35" hostname="DESKTOP-LR4J8H3" time="0.004">
  <properties/>
  <testcase name="testTrue()" classname="org.springframework.aop.support.PointcutsTests" time="0.001"/>
  <testcase name="testIntersectionOfSpecificGettersAndSubclassGetters()" classname="org.springframework.aop.support.PointcutsTests" time="0.001"/>
  <testcase name="testSimpleIntersection()" classname="org.springframework.aop.support.PointcutsTests" time="0.0"/>
  <testcase name="testUnionOfAllSettersAndSubclassSetters()" classname="org.springframework.aop.support.PointcutsTests" time="0.001"/>
  <testcase name="testUnionOfSpecificGetters()" classname="org.springframework.aop.support.PointcutsTests" time="0.0"/>
  <testcase name="testMatches()" classname="org.springframework.aop.support.PointcutsTests" time="0.001"/>
  <testcase name="testUnionOfSettersAndGetters()" classname="org.springframework.aop.support.PointcutsTests" time="0.0"/>
  <system-out><![CDATA[]]></system-out>
  <system-err><![CDATA[]]></system-err>
</testsuite>
