<?xml version="1.0" encoding="UTF-8"?>
<testsuite name="org.springframework.aop.config.TopLevelAopTagTests" tests="1" skipped="0" failures="0" errors="0" timestamp="2020-03-31T12:48:32" hostname="DESKTOP-LR4J8H3" time="0.18">
  <properties/>
  <testcase name="testParse()" classname="org.springframework.aop.config.TopLevelAopTagTests" time="0.18"/>
  <system-out><![CDATA[]]></system-out>
  <system-err><![CDATA[]]></system-err>
</testsuite>
